<?xml version="1.0" encoding="UTF-8"?>
<robot generator="Robot 7.3.2 (Python 3.13.0 on win32)" generated="2025-10-29T18:41:59.955965" rpa="false" schemaversion="5">
<suite id="s1" name="Robot-02-Personnel" source="D:\Coding Works\Robot UV\tests\robot-02-personnel.robot">
<test id="s1-t1" name="TC1405 เจ้าหน้าที่ฝ่ายทะเบียนลบบัญชีคุณครูที่ปรึกษาสำเร็จ" line="165">
<kw name="Open Browser" owner="SeleniumLibrary">
<msg time="2025-10-29T18:42:01.008434" level="INFO">Opening browser 'chrome' to base url 'http://localhost:5173'.</msg>
<arg>${URL}</arg>
<arg>${BROWSER}</arg>
<doc>Opens a new browser instance to the optional ``url``.</doc>
<status status="PASS" start="2025-10-29T18:42:01.007880" elapsed="5.712668"/>
</kw>
<kw name="Maximize Browser Window" owner="SeleniumLibrary">
<doc>Maximizes current browser window.</doc>
<status status="PASS" start="2025-10-29T18:42:06.725706" elapsed="0.172387"/>
</kw>
<kw name="Click Element" owner="SeleniumLibrary">
<msg time="2025-10-29T18:42:06.900630" level="INFO">Clicking element 'xpath=//*[@id="privacy_checkbox"]'.</msg>
<arg>xpath=//*[@id="privacy_checkbox"]</arg>
<doc>Click the element identified by ``locator``.</doc>
<status status="PASS" start="2025-10-29T18:42:06.899769" elapsed="0.327218"/>
</kw>
<kw name="Click Element" owner="SeleniumLibrary">
<msg time="2025-10-29T18:42:07.232448" level="INFO">Clicking element 'xpath=//*[@id="privacy_modal"]/div/div[2]/form/button'.</msg>
<arg>xpath=//*[@id="privacy_modal"]/div/div[2]/form/button</arg>
<doc>Click the element identified by ``locator``.</doc>
<status status="PASS" start="2025-10-29T18:42:07.232040" elapsed="0.676698"/>
</kw>
<kw name="Click Element" owner="SeleniumLibrary">
<msg time="2025-10-29T18:42:07.911356" level="INFO">Clicking element 'id=btn-login'.</msg>
<arg>id=btn-login</arg>
<doc>Click the element identified by ``locator``.</doc>
<status status="PASS" start="2025-10-29T18:42:07.910877" elapsed="0.270035"/>
</kw>
<kw name="Login With Google OAuth" owner="keywords">
<kw name="Get Window Handles" owner="SeleniumLibrary">
<msg time="2025-10-29T18:42:08.185987" level="INFO">${main_windows} = ['990A67230A66CA03F60DDF7D70700DED']</msg>
<var>${main_windows}</var>
<doc>Returns all child window handles of the selected browser as a list.</doc>
<status status="PASS" start="2025-10-29T18:42:08.182901" elapsed="0.003174"/>
</kw>
<kw name="Log To Console" owner="BuiltIn">
<arg>Main window handles: ${main_windows}</arg>
<doc>Logs the given message to the console.</doc>
<status status="PASS" start="2025-10-29T18:42:08.186833" elapsed="0.002581"/>
</kw>
<kw name="Wait Until Keyword Succeeds" owner="BuiltIn">
<kw name="Popup Window Should Appear" owner="keywords">
<kw name="Get Window Handles" owner="SeleniumLibrary">
<msg time="2025-10-29T18:42:08.195714" level="INFO">${handles} = ['990A67230A66CA03F60DDF7D70700DED']</msg>
<var>${handles}</var>
<doc>Returns all child window handles of the selected browser as a list.</doc>
<status status="PASS" start="2025-10-29T18:42:08.191659" elapsed="0.004141"/>
</kw>
<kw name="Get Length" owner="BuiltIn">
<msg time="2025-10-29T18:42:08.196901" level="INFO">Length is 1.</msg>
<msg time="2025-10-29T18:42:08.197094" level="INFO">${count} = 1</msg>
<var>${count}</var>
<arg>${handles}</arg>
<doc>Returns and logs the length of the given item as an integer.</doc>
<status status="PASS" start="2025-10-29T18:42:08.196519" elapsed="0.000630"/>
</kw>
<kw name="Should Be True" owner="BuiltIn">
<msg time="2025-10-29T18:42:08.198197" level="FAIL">Expected popup window to appear, but found only 1</msg>
<arg>${count} &gt; 1</arg>
<arg>msg=Expected popup window to appear, but found only ${count}</arg>
<doc>Fails if the given condition is not true.</doc>
<status status="FAIL" start="2025-10-29T18:42:08.197438" elapsed="0.001100">Expected popup window to appear, but found only 1</status>
</kw>
<status status="FAIL" start="2025-10-29T18:42:08.190513" elapsed="0.008307">Expected popup window to appear, but found only 1</status>
</kw>
<kw name="Popup Window Should Appear" owner="keywords">
<kw name="Get Window Handles" owner="SeleniumLibrary">
<msg time="2025-10-29T18:42:10.380887" level="INFO">${handles} = ['990A67230A66CA03F60DDF7D70700DED', '7699876F787E9D7606D9EDCC3B0F6EB0']</msg>
<var>${handles}</var>
<doc>Returns all child window handles of the selected browser as a list.</doc>
<status status="PASS" start="2025-10-29T18:42:09.200867" elapsed="1.180111"/>
</kw>
<kw name="Get Length" owner="BuiltIn">
<msg time="2025-10-29T18:42:10.381531" level="INFO">Length is 2.</msg>
<msg time="2025-10-29T18:42:10.381667" level="INFO">${count} = 2</msg>
<var>${count}</var>
<arg>${handles}</arg>
<doc>Returns and logs the length of the given item as an integer.</doc>
<status status="PASS" start="2025-10-29T18:42:10.381253" elapsed="0.000486"/>
</kw>
<kw name="Should Be True" owner="BuiltIn">
<arg>${count} &gt; 1</arg>
<arg>msg=Expected popup window to appear, but found only ${count}</arg>
<doc>Fails if the given condition is not true.</doc>
<status status="PASS" start="2025-10-29T18:42:10.381947" elapsed="0.000504"/>
</kw>
<status status="PASS" start="2025-10-29T18:42:09.199893" elapsed="1.182745"/>
</kw>
<arg>10x</arg>
<arg>1s</arg>
<arg>Popup Window Should Appear</arg>
<doc>Runs the specified keyword and retries if it fails.</doc>
<status status="PASS" start="2025-10-29T18:42:08.189811" elapsed="2.192983"/>
</kw>
<kw name="Get Window Handles" owner="SeleniumLibrary">
<msg time="2025-10-29T18:42:10.387868" level="INFO">${all_windows} = ['990A67230A66CA03F60DDF7D70700DED', '7699876F787E9D7606D9EDCC3B0F6EB0']</msg>
<var>${all_windows}</var>
<doc>Returns all child window handles of the selected browser as a list.</doc>
<status status="PASS" start="2025-10-29T18:42:10.383101" elapsed="0.004853"/>
</kw>
<kw name="Log To Console" owner="BuiltIn">
<arg>All windows: ${all_windows}</arg>
<doc>Logs the given message to the console.</doc>
<status status="PASS" start="2025-10-29T18:42:10.388273" elapsed="0.002303"/>
</kw>
<kw name="Set Variable" owner="BuiltIn">
<msg time="2025-10-29T18:42:10.391776" level="INFO">${popup_window} = 7699876F787E9D7606D9EDCC3B0F6EB0</msg>
<var>${popup_window}</var>
<arg>${all_windows}[-1]</arg>
<doc>Returns the given values which can then be assigned to a variables.</doc>
<status status="PASS" start="2025-10-29T18:42:10.391248" elapsed="0.000600"/>
</kw>
<kw name="Switch Window" owner="SeleniumLibrary">
<arg>${popup_window}</arg>
<doc>Switches to browser window matching ``locator``.</doc>
<status status="PASS" start="2025-10-29T18:42:10.392168" elapsed="0.129204"/>
</kw>
<kw name="Log To Console" owner="BuiltIn">
<arg>Switched to popup window: ${popup_window}</arg>
<doc>Logs the given message to the console.</doc>
<status status="PASS" start="2025-10-29T18:42:10.521803" elapsed="0.006711"/>
</kw>
<kw name="Wait Until Page Contains Element" owner="SeleniumLibrary">
<arg>id=identifierId</arg>
<arg>timeout=15s</arg>
<doc>Waits until the element ``locator`` appears on the current page.</doc>
<status status="PASS" start="2025-10-29T18:42:10.528987" elapsed="12.061499"/>
</kw>
<kw name="Input Text" owner="SeleniumLibrary">
<msg time="2025-10-29T18:42:22.591393" level="INFO">Typing text '654259027@webmail.npru.ac.th' into text field 'id=identifierId'.</msg>
<arg>id=identifierId</arg>
<arg>${username}</arg>
<doc>Types the given ``text`` into the text field identified by ``locator``.</doc>
<status status="PASS" start="2025-10-29T18:42:22.590849" elapsed="4.612170"/>
</kw>
<kw name="Click Element" owner="SeleniumLibrary">
<msg time="2025-10-29T18:42:27.203731" level="INFO">Clicking element 'xpath=//*[@id="identifierNext"]/div/button/span'.</msg>
<arg>xpath=//*[@id="identifierNext"]/div/button/span</arg>
<doc>Click the element identified by ``locator``.</doc>
<status status="PASS" start="2025-10-29T18:42:27.203363" elapsed="4.600488"/>
</kw>
<kw name="Wait Until Element Is Visible" owner="SeleniumLibrary">
<arg>name=Passwd</arg>
<arg>timeout=15s</arg>
<doc>Waits until the element ``locator`` is visible.</doc>
<status status="PASS" start="2025-10-29T18:42:31.804231" elapsed="3.946529"/>
</kw>
<kw name="Input Text" owner="SeleniumLibrary">
<msg time="2025-10-29T18:42:35.751797" level="INFO">Typing text '166889966' into text field 'name=Passwd'.</msg>
<arg>name=Passwd</arg>
<arg>${password}</arg>
<doc>Types the given ``text`` into the text field identified by ``locator``.</doc>
<status status="PASS" start="2025-10-29T18:42:35.751176" elapsed="1.479345"/>
</kw>
<kw name="Click Element" owner="SeleniumLibrary">
<msg time="2025-10-29T18:42:37.231329" level="INFO">Clicking element 'xpath=//*[@id="passwordNext"]/div/button/span'.</msg>
<arg>xpath=//*[@id="passwordNext"]/div/button/span</arg>
<doc>Click the element identified by ``locator``.</doc>
<status status="PASS" start="2025-10-29T18:42:37.230934" elapsed="1.803048"/>
</kw>
<kw name="Wait Until Keyword Succeeds" owner="BuiltIn">
<kw name="Popup Window Should Close" owner="keywords">
<kw name="Get Window Handles" owner="SeleniumLibrary">
<msg time="2025-10-29T18:42:39.366046" level="INFO">${handles} = ['990A67230A66CA03F60DDF7D70700DED', '7699876F787E9D7606D9EDCC3B0F6EB0']</msg>
<var>${handles}</var>
<doc>Returns all child window handles of the selected browser as a list.</doc>
<status status="PASS" start="2025-10-29T18:42:39.035558" elapsed="0.330577"/>
</kw>
<kw name="Get Length" owner="BuiltIn">
<msg time="2025-10-29T18:42:39.366751" level="INFO">Length is 2.</msg>
<msg time="2025-10-29T18:42:39.366910" level="INFO">${count} = 2</msg>
<var>${count}</var>
<arg>${handles}</arg>
<doc>Returns and logs the length of the given item as an integer.</doc>
<status status="PASS" start="2025-10-29T18:42:39.366455" elapsed="0.000514"/>
</kw>
<kw name="Should Be Equal As Integers" owner="BuiltIn">
<msg time="2025-10-29T18:42:39.367681" level="INFO">Argument types are:
&lt;class 'int'&gt;
&lt;class 'str'&gt;</msg>
<msg time="2025-10-29T18:42:39.367892" level="FAIL">Expected popup to close, but found 2 windows: 2 != 1</msg>
<arg>${count}</arg>
<arg>1</arg>
<arg>msg=Expected popup to close, but found ${count} windows</arg>
<doc>Fails if objects are unequal after converting them to integers.</doc>
<status status="FAIL" start="2025-10-29T18:42:39.367234" elapsed="0.000832">Expected popup to close, but found 2 windows: 2 != 1</status>
</kw>
<status status="FAIL" start="2025-10-29T18:42:39.034932" elapsed="0.333445">Expected popup to close, but found 2 windows: 2 != 1</status>
</kw>
<kw name="Popup Window Should Close" owner="keywords">
<kw name="Get Window Handles" owner="SeleniumLibrary">
<msg time="2025-10-29T18:42:40.500192" level="INFO">${handles} = ['990A67230A66CA03F60DDF7D70700DED', '7699876F787E9D7606D9EDCC3B0F6EB0']</msg>
<var>${handles}</var>
<doc>Returns all child window handles of the selected browser as a list.</doc>
<status status="PASS" start="2025-10-29T18:42:40.369890" elapsed="0.130398"/>
</kw>
<kw name="Get Length" owner="BuiltIn">
<msg time="2025-10-29T18:42:40.501051" level="INFO">Length is 2.</msg>
<msg time="2025-10-29T18:42:40.501289" level="INFO">${count} = 2</msg>
<var>${count}</var>
<arg>${handles}</arg>
<doc>Returns and logs the length of the given item as an integer.</doc>
<status status="PASS" start="2025-10-29T18:42:40.500602" elapsed="0.000814"/>
</kw>
<kw name="Should Be Equal As Integers" owner="BuiltIn">
<msg time="2025-10-29T18:42:40.502420" level="INFO">Argument types are:
&lt;class 'int'&gt;
&lt;class 'str'&gt;</msg>
<msg time="2025-10-29T18:42:40.503718" level="FAIL">Expected popup to close, but found 2 windows: 2 != 1</msg>
<arg>${count}</arg>
<arg>1</arg>
<arg>msg=Expected popup to close, but found ${count} windows</arg>
<doc>Fails if objects are unequal after converting them to integers.</doc>
<status status="FAIL" start="2025-10-29T18:42:40.501785" elapsed="0.002262">Expected popup to close, but found 2 windows: 2 != 1</status>
</kw>
<status status="FAIL" start="2025-10-29T18:42:40.369259" elapsed="0.135076">Expected popup to close, but found 2 windows: 2 != 1</status>
</kw>
<kw name="Popup Window Should Close" owner="keywords">
<kw name="Get Window Handles" owner="SeleniumLibrary">
<msg time="2025-10-29T18:42:41.565551" level="INFO">${handles} = ['990A67230A66CA03F60DDF7D70700DED', '7699876F787E9D7606D9EDCC3B0F6EB0']</msg>
<var>${handles}</var>
<doc>Returns all child window handles of the selected browser as a list.</doc>
<status status="PASS" start="2025-10-29T18:42:41.505824" elapsed="0.059814"/>
</kw>
<kw name="Get Length" owner="BuiltIn">
<msg time="2025-10-29T18:42:41.566276" level="INFO">Length is 2.</msg>
<msg time="2025-10-29T18:42:41.566455" level="INFO">${count} = 2</msg>
<var>${count}</var>
<arg>${handles}</arg>
<doc>Returns and logs the length of the given item as an integer.</doc>
<status status="PASS" start="2025-10-29T18:42:41.565948" elapsed="0.000567"/>
</kw>
<kw name="Should Be Equal As Integers" owner="BuiltIn">
<msg time="2025-10-29T18:42:41.567337" level="INFO">Argument types are:
&lt;class 'int'&gt;
&lt;class 'str'&gt;</msg>
<msg time="2025-10-29T18:42:41.567561" level="FAIL">Expected popup to close, but found 2 windows: 2 != 1</msg>
<arg>${count}</arg>
<arg>1</arg>
<arg>msg=Expected popup to close, but found ${count} windows</arg>
<doc>Fails if objects are unequal after converting them to integers.</doc>
<status status="FAIL" start="2025-10-29T18:42:41.566816" elapsed="0.000900">Expected popup to close, but found 2 windows: 2 != 1</status>
</kw>
<status status="FAIL" start="2025-10-29T18:42:41.505288" elapsed="0.062698">Expected popup to close, but found 2 windows: 2 != 1</status>
</kw>
<kw name="Popup Window Should Close" owner="keywords">
<kw name="Get Window Handles" owner="SeleniumLibrary">
<msg time="2025-10-29T18:42:42.749703" level="INFO">${handles} = ['990A67230A66CA03F60DDF7D70700DED', '7699876F787E9D7606D9EDCC3B0F6EB0']</msg>
<var>${handles}</var>
<doc>Returns all child window handles of the selected browser as a list.</doc>
<status status="PASS" start="2025-10-29T18:42:42.569722" elapsed="0.180067"/>
</kw>
<kw name="Get Length" owner="BuiltIn">
<msg time="2025-10-29T18:42:42.750430" level="INFO">Length is 2.</msg>
<msg time="2025-10-29T18:42:42.750593" level="INFO">${count} = 2</msg>
<var>${count}</var>
<arg>${handles}</arg>
<doc>Returns and logs the length of the given item as an integer.</doc>
<status status="PASS" start="2025-10-29T18:42:42.750089" elapsed="0.000556"/>
</kw>
<kw name="Should Be Equal As Integers" owner="BuiltIn">
<msg time="2025-10-29T18:42:42.751418" level="INFO">Argument types are:
&lt;class 'int'&gt;
&lt;class 'str'&gt;</msg>
<msg time="2025-10-29T18:42:42.751624" level="FAIL">Expected popup to close, but found 2 windows: 2 != 1</msg>
<arg>${count}</arg>
<arg>1</arg>
<arg>msg=Expected popup to close, but found ${count} windows</arg>
<doc>Fails if objects are unequal after converting them to integers.</doc>
<status status="FAIL" start="2025-10-29T18:42:42.750918" elapsed="0.000858">Expected popup to close, but found 2 windows: 2 != 1</status>
</kw>
<status status="FAIL" start="2025-10-29T18:42:42.569079" elapsed="0.182951">Expected popup to close, but found 2 windows: 2 != 1</status>
</kw>
<kw name="Popup Window Should Close" owner="keywords">
<kw name="Get Window Handles" owner="SeleniumLibrary">
<msg time="2025-10-29T18:42:43.940550" level="INFO">${handles} = ['990A67230A66CA03F60DDF7D70700DED', '7699876F787E9D7606D9EDCC3B0F6EB0']</msg>
<var>${handles}</var>
<doc>Returns all child window handles of the selected browser as a list.</doc>
<status status="PASS" start="2025-10-29T18:42:43.753755" elapsed="0.186875"/>
</kw>
<kw name="Get Length" owner="BuiltIn">
<msg time="2025-10-29T18:42:43.941279" level="INFO">Length is 2.</msg>
<msg time="2025-10-29T18:42:43.941449" level="INFO">${count} = 2</msg>
<var>${count}</var>
<arg>${handles}</arg>
<doc>Returns and logs the length of the given item as an integer.</doc>
<status status="PASS" start="2025-10-29T18:42:43.940969" elapsed="0.000540"/>
</kw>
<kw name="Should Be Equal As Integers" owner="BuiltIn">
<msg time="2025-10-29T18:42:43.942887" level="INFO">Argument types are:
&lt;class 'int'&gt;
&lt;class 'str'&gt;</msg>
<msg time="2025-10-29T18:42:43.943700" level="FAIL">Expected popup to close, but found 2 windows: 2 != 1</msg>
<arg>${count}</arg>
<arg>1</arg>
<arg>msg=Expected popup to close, but found ${count} windows</arg>
<doc>Fails if objects are unequal after converting them to integers.</doc>
<status status="FAIL" start="2025-10-29T18:42:43.942140" elapsed="0.001837">Expected popup to close, but found 2 windows: 2 != 1</status>
</kw>
<status status="FAIL" start="2025-10-29T18:42:43.752973" elapsed="0.191450">Expected popup to close, but found 2 windows: 2 != 1</status>
</kw>
<kw name="Popup Window Should Close" owner="keywords">
<kw name="Get Window Handles" owner="SeleniumLibrary">
<msg time="2025-10-29T18:42:45.131035" level="INFO">${handles} = ['990A67230A66CA03F60DDF7D70700DED', '7699876F787E9D7606D9EDCC3B0F6EB0']</msg>
<var>${handles}</var>
<doc>Returns all child window handles of the selected browser as a list.</doc>
<status status="PASS" start="2025-10-29T18:42:44.946216" elapsed="0.184943"/>
</kw>
<kw name="Get Length" owner="BuiltIn">
<msg time="2025-10-29T18:42:45.131695" level="INFO">Length is 2.</msg>
<msg time="2025-10-29T18:42:45.131839" level="INFO">${count} = 2</msg>
<var>${count}</var>
<arg>${handles}</arg>
<doc>Returns and logs the length of the given item as an integer.</doc>
<status status="PASS" start="2025-10-29T18:42:45.131434" elapsed="0.000453"/>
</kw>
<kw name="Should Be Equal As Integers" owner="BuiltIn">
<msg time="2025-10-29T18:42:45.132527" level="INFO">Argument types are:
&lt;class 'int'&gt;
&lt;class 'str'&gt;</msg>
<msg time="2025-10-29T18:42:45.132722" level="FAIL">Expected popup to close, but found 2 windows: 2 != 1</msg>
<arg>${count}</arg>
<arg>1</arg>
<arg>msg=Expected popup to close, but found ${count} windows</arg>
<doc>Fails if objects are unequal after converting them to integers.</doc>
<status status="FAIL" start="2025-10-29T18:42:45.132097" elapsed="0.000772">Expected popup to close, but found 2 windows: 2 != 1</status>
</kw>
<status status="FAIL" start="2025-10-29T18:42:44.945619" elapsed="0.187563">Expected popup to close, but found 2 windows: 2 != 1</status>
</kw>
<kw name="Popup Window Should Close" owner="keywords">
<kw name="Get Window Handles" owner="SeleniumLibrary">
<msg time="2025-10-29T18:42:46.321586" level="INFO">${handles} = ['990A67230A66CA03F60DDF7D70700DED', '7699876F787E9D7606D9EDCC3B0F6EB0']</msg>
<var>${handles}</var>
<doc>Returns all child window handles of the selected browser as a list.</doc>
<status status="PASS" start="2025-10-29T18:42:46.134898" elapsed="0.186779"/>
</kw>
<kw name="Get Length" owner="BuiltIn">
<msg time="2025-10-29T18:42:46.322426" level="INFO">Length is 2.</msg>
<msg time="2025-10-29T18:42:46.322639" level="INFO">${count} = 2</msg>
<var>${count}</var>
<arg>${handles}</arg>
<doc>Returns and logs the length of the given item as an integer.</doc>
<status status="PASS" start="2025-10-29T18:42:46.322026" elapsed="0.000674"/>
</kw>
<kw name="Should Be Equal As Integers" owner="BuiltIn">
<msg time="2025-10-29T18:42:46.323476" level="INFO">Argument types are:
&lt;class 'int'&gt;
&lt;class 'str'&gt;</msg>
<msg time="2025-10-29T18:42:46.323701" level="FAIL">Expected popup to close, but found 2 windows: 2 != 1</msg>
<arg>${count}</arg>
<arg>1</arg>
<arg>msg=Expected popup to close, but found ${count} windows</arg>
<doc>Fails if objects are unequal after converting them to integers.</doc>
<status status="FAIL" start="2025-10-29T18:42:46.322985" elapsed="0.000888">Expected popup to close, but found 2 windows: 2 != 1</status>
</kw>
<status status="FAIL" start="2025-10-29T18:42:46.134169" elapsed="0.190005">Expected popup to close, but found 2 windows: 2 != 1</status>
</kw>
<kw name="Popup Window Should Close" owner="keywords">
<kw name="Get Window Handles" owner="SeleniumLibrary">
<msg time="2025-10-29T18:42:47.364368" level="INFO">${handles} = ['990A67230A66CA03F60DDF7D70700DED', '7699876F787E9D7606D9EDCC3B0F6EB0']</msg>
<var>${handles}</var>
<doc>Returns all child window handles of the selected browser as a list.</doc>
<status status="PASS" start="2025-10-29T18:42:47.325681" elapsed="0.038808"/>
</kw>
<kw name="Get Length" owner="BuiltIn">
<msg time="2025-10-29T18:42:47.365172" level="INFO">Length is 2.</msg>
<msg time="2025-10-29T18:42:47.365352" level="INFO">${count} = 2</msg>
<var>${count}</var>
<arg>${handles}</arg>
<doc>Returns and logs the length of the given item as an integer.</doc>
<status status="PASS" start="2025-10-29T18:42:47.364834" elapsed="0.000580"/>
</kw>
<kw name="Should Be Equal As Integers" owner="BuiltIn">
<msg time="2025-10-29T18:42:47.366220" level="INFO">Argument types are:
&lt;class 'int'&gt;
&lt;class 'str'&gt;</msg>
<msg time="2025-10-29T18:42:47.366442" level="FAIL">Expected popup to close, but found 2 windows: 2 != 1</msg>
<arg>${count}</arg>
<arg>1</arg>
<arg>msg=Expected popup to close, but found ${count} windows</arg>
<doc>Fails if objects are unequal after converting them to integers.</doc>
<status status="FAIL" start="2025-10-29T18:42:47.365714" elapsed="0.001053">Expected popup to close, but found 2 windows: 2 != 1</status>
</kw>
<status status="FAIL" start="2025-10-29T18:42:47.325028" elapsed="0.042100">Expected popup to close, but found 2 windows: 2 != 1</status>
</kw>
<kw name="Popup Window Should Close" owner="keywords">
<kw name="Get Window Handles" owner="SeleniumLibrary">
<msg time="2025-10-29T18:42:48.697942" level="INFO">${handles} = ['990A67230A66CA03F60DDF7D70700DED']</msg>
<var>${handles}</var>
<doc>Returns all child window handles of the selected browser as a list.</doc>
<status status="PASS" start="2025-10-29T18:42:48.368709" elapsed="0.329334"/>
</kw>
<kw name="Get Length" owner="BuiltIn">
<msg time="2025-10-29T18:42:48.698978" level="INFO">Length is 1.</msg>
<msg time="2025-10-29T18:42:48.699127" level="INFO">${count} = 1</msg>
<var>${count}</var>
<arg>${handles}</arg>
<doc>Returns and logs the length of the given item as an integer.</doc>
<status status="PASS" start="2025-10-29T18:42:48.698615" elapsed="0.000558"/>
</kw>
<kw name="Should Be Equal As Integers" owner="BuiltIn">
<msg time="2025-10-29T18:42:48.699848" level="INFO">Argument types are:
&lt;class 'int'&gt;
&lt;class 'str'&gt;</msg>
<arg>${count}</arg>
<arg>1</arg>
<arg>msg=Expected popup to close, but found ${count} windows</arg>
<doc>Fails if objects are unequal after converting them to integers.</doc>
<status status="PASS" start="2025-10-29T18:42:48.699431" elapsed="0.000541"/>
</kw>
<status status="PASS" start="2025-10-29T18:42:48.368142" elapsed="0.332021"/>
</kw>
<arg>10x</arg>
<arg>1s</arg>
<arg>Popup Window Should Close</arg>
<doc>Runs the specified keyword and retries if it fails.</doc>
<status status="PASS" start="2025-10-29T18:42:39.034389" elapsed="9.665894"/>
</kw>
<kw name="Get Window Handles" owner="SeleniumLibrary">
<msg time="2025-10-29T18:42:48.881190" level="INFO">${main_windows} = ['990A67230A66CA03F60DDF7D70700DED']</msg>
<var>${main_windows}</var>
<doc>Returns all child window handles of the selected browser as a list.</doc>
<status status="PASS" start="2025-10-29T18:42:48.700549" elapsed="0.180713"/>
</kw>
<kw name="Switch Window" owner="SeleniumLibrary">
<arg>${main_windows}[0]</arg>
<doc>Switches to browser window matching ``locator``.</doc>
<status status="PASS" start="2025-10-29T18:42:48.881523" elapsed="0.204131"/>
</kw>
<kw name="Log To Console" owner="BuiltIn">
<arg>Switched back to main window: ${main_windows}[0]</arg>
<doc>Logs the given message to the console.</doc>
<status status="PASS" start="2025-10-29T18:42:49.086019" elapsed="0.028814"/>
</kw>
<arg>${USERNAME}</arg>
<arg>${PASSWORD}</arg>
<status status="PASS" start="2025-10-29T18:42:08.181867" elapsed="40.933187"/>
</kw>
<kw name="Sleep" owner="BuiltIn">
<msg time="2025-10-29T18:42:54.120625" level="INFO">Slept 5 seconds.</msg>
<arg>5s</arg>
<doc>Pauses the test executed for the given time.</doc>
<status status="PASS" start="2025-10-29T18:42:49.116837" elapsed="5.003984"/>
</kw>
<kw name="Page Should Contain" owner="SeleniumLibrary">
<msg time="2025-10-29T18:42:54.433334" level="INFO">Current page contains text 'รายชื่อบุคลากร'.</msg>
<arg>รายชื่อบุคลากร</arg>
<doc>Verifies that current page contains ``text``.</doc>
<status status="PASS" start="2025-10-29T18:42:54.129145" elapsed="0.304358"/>
</kw>
<kw name="Delete personnel">
<kw name="Click Element" owner="SeleniumLibrary">
<msg time="2025-10-29T18:42:54.447189" level="INFO">Clicking element 'xpath=//*[@id="delete-personnel-button_5"]'.</msg>
<arg>xpath=//*[@id="delete-personnel-button_5"]</arg>
<doc>Click the element identified by ``locator``.</doc>
<status status="PASS" start="2025-10-29T18:42:54.446663" elapsed="2.220270"/>
</kw>
<kw name="Click Button" owner="SeleniumLibrary">
<msg time="2025-10-29T18:42:56.668091" level="INFO">Clicking button 'xpath=/html/body/div[2]/div/div[6]/button[1]'.</msg>
<arg>xpath=/html/body/div[2]/div/div[6]/button[1]</arg>
<doc>Clicks the button identified by ``locator``.</doc>
<status status="PASS" start="2025-10-29T18:42:56.667284" elapsed="0.637162"/>
</kw>
<kw name="Wait Until Page Contains" owner="SeleniumLibrary">
<arg>ลบข้อมูลเรียบร้อย</arg>
<arg>timeout=10s</arg>
<doc>Waits until ``text`` appears on the current page.</doc>
<status status="PASS" start="2025-10-29T18:42:57.304794" elapsed="0.449506"/>
</kw>
<status status="PASS" start="2025-10-29T18:42:54.445779" elapsed="3.308756"/>
</kw>
<kw name="Capture Page Screenshot With Name">
<kw name="Get Current Date" owner="DateTime">
<msg time="2025-10-29T18:42:57.756968" level="INFO">${timestamp} = 20251029_184257</msg>
<var>${timestamp}</var>
<arg>result_format=%Y%m%d_%H%M%S</arg>
<doc>Returns current local or UTC time with an optional increment.</doc>
<status status="PASS" start="2025-10-29T18:42:57.756263" elapsed="0.000789"/>
</kw>
<kw name="Set Variable" owner="BuiltIn">
<msg time="2025-10-29T18:42:57.757796" level="INFO">${folder} = D:\Coding Works\Robot UV/results/Personnel_results</msg>
<var>${folder}</var>
<arg>${EXECDIR}/results/Personnel_results</arg>
<doc>Returns the given values which can then be assigned to a variables.</doc>
<status status="PASS" start="2025-10-29T18:42:57.757380" elapsed="0.000490"/>
</kw>
<kw name="Create Directory" owner="OperatingSystem">
<msg time="2025-10-29T18:42:57.759466" level="INFO" html="true">Directory '&lt;a href="file://D:\Coding Works\Robot UV\results\Personnel_results"&gt;D:\Coding Works\Robot UV\results\Personnel_results&lt;/a&gt;' already exists.</msg>
<arg>${folder}</arg>
<doc>Creates the specified directory.</doc>
<status status="PASS" start="2025-10-29T18:42:57.758132" elapsed="0.001639"/>
</kw>
<kw name="Set Variable" owner="BuiltIn">
<msg time="2025-10-29T18:42:57.761150" level="INFO">${filename} = D:\Coding Works\Robot UV/results/Personnel_results/TC1405_Delete_Personnel_Success_20251029_184257.png</msg>
<var>${filename}</var>
<arg>${folder}/${test_case_name}_${timestamp}.png</arg>
<doc>Returns the given values which can then be assigned to a variables.</doc>
<status status="PASS" start="2025-10-29T18:42:57.760182" elapsed="0.001130"/>
</kw>
<kw name="Log" owner="BuiltIn">
<msg time="2025-10-29T18:42:57.762501" level="INFO">Capturing screenshot: D:\Coding Works\Robot UV/results/Personnel_results/TC1405_Delete_Personnel_Success_20251029_184257.png</msg>
<arg>Capturing screenshot: ${filename}</arg>
<doc>Logs the given message with the given level.</doc>
<status status="PASS" start="2025-10-29T18:42:57.761703" elapsed="0.001042"/>
</kw>
<kw name="Capture Page Screenshot" owner="SeleniumLibrary">
<msg time="2025-10-29T18:42:58.050343" level="INFO" html="true">&lt;/td&gt;&lt;/tr&gt;&lt;tr&gt;&lt;td colspan="3"&gt;&lt;a href="results/Personnel_results/TC1405_Delete_Personnel_Success_20251029_184257.png"&gt;&lt;img src="results/Personnel_results/TC1405_Delete_Personnel_Success_20251029_184257.png" width="800px"&gt;&lt;/a&gt;</msg>
<arg>${filename}</arg>
<doc>Takes a screenshot of the current page and embeds it into a log file.</doc>
<status status="PASS" start="2025-10-29T18:42:57.763099" elapsed="0.287443"/>
</kw>
<arg>TC1405_Delete_Personnel_Success</arg>
<status status="PASS" start="2025-10-29T18:42:57.755488" elapsed="0.295267"/>
</kw>
<kw name="Close Browser" owner="SeleniumLibrary">
<doc>Closes the current browser.</doc>
<status status="PASS" start="2025-10-29T18:42:58.051623" elapsed="11.979763"/>
</kw>
<doc>ทดสอบการลบบัญชีคุณครูที่ปรึกษาโดยเจ้าหน้าที่ฝ่ายทะเบียนสำเร็จ</doc>
<status status="PASS" start="2025-10-29T18:42:01.000979" elapsed="69.030998"/>
</test>
<doc>ชุดการทดสอบสำหรับระบบจัดการข้อมูลบุคลากร (Personnel Management)</doc>
<status status="PASS" start="2025-10-29T18:41:59.961423" elapsed="70.071952"/>
</suite>
<statistics>
<total>
<stat pass="1" fail="0" skip="0">All Tests</stat>
</total>
<tag>
</tag>
<suite>
<stat name="Robot-02-Personnel" id="s1" pass="1" fail="0" skip="0">Robot-02-Personnel</stat>
</suite>
</statistics>
<errors>
</errors>
</robot>
