<?xml version="1.0" encoding="UTF-8"?>
<robot generator="Robot 7.3.2 (Python 3.13.0 on win32)" generated="2025-10-27T18:15:28.754235" rpa="false" schemaversion="5">
<suite id="s1" name="Robot-04-Class" source="D:\Coding Works\Robot UV\tests\robot-04-class.robot">
<test id="s1-t1" name="TC1701 - เจ้าหน้าที่ฝ่ายทะเบียนเพิ่มชั้นเรียนสำเร็จ" line="19">
<kw name="Open Browser" owner="SeleniumLibrary">
<msg time="2025-10-27T18:15:31.153506" level="INFO">Opening browser 'chrome' to base url 'http://localhost:5173'.</msg>
<arg>${URL}</arg>
<arg>${BROWSER}</arg>
<doc>Opens a new browser instance to the optional ``url``.</doc>
<status status="PASS" start="2025-10-27T18:15:31.152686" elapsed="6.649948"/>
</kw>
<kw name="Maximize Browser Window" owner="SeleniumLibrary">
<doc>Maximizes current browser window.</doc>
<status status="PASS" start="2025-10-27T18:15:37.809784" elapsed="0.157563"/>
</kw>
<kw name="Click Element" owner="SeleniumLibrary">
<msg time="2025-10-27T18:15:37.974643" level="INFO">Clicking element 'xpath=//*[@id="privacy_checkbox"]'.</msg>
<arg>xpath=//*[@id="privacy_checkbox"]</arg>
<doc>Click the element identified by ``locator``.</doc>
<status status="PASS" start="2025-10-27T18:15:37.973688" elapsed="0.404166"/>
</kw>
<kw name="Click Element" owner="SeleniumLibrary">
<msg time="2025-10-27T18:15:38.381038" level="INFO">Clicking element 'xpath=//*[@id="privacy_modal"]/div/div[2]/form/button'.</msg>
<arg>xpath=//*[@id="privacy_modal"]/div/div[2]/form/button</arg>
<doc>Click the element identified by ``locator``.</doc>
<status status="PASS" start="2025-10-27T18:15:38.380423" elapsed="0.299922"/>
</kw>
<kw name="Click Element" owner="SeleniumLibrary">
<msg time="2025-10-27T18:15:38.684480" level="INFO">Clicking element 'id=btn-login'.</msg>
<arg>id=btn-login</arg>
<doc>Click the element identified by ``locator``.</doc>
<status status="PASS" start="2025-10-27T18:15:38.683969" elapsed="0.278083"/>
</kw>
<kw name="Login With Google OAuth" owner="keywords">
<kw name="Get Window Handles" owner="SeleniumLibrary">
<msg time="2025-10-27T18:15:38.977773" level="INFO">${main_windows} = ['0159392B75584A77C73B625887364536']</msg>
<var>${main_windows}</var>
<doc>Returns all child window handles of the selected browser as a list.</doc>
<status status="PASS" start="2025-10-27T18:15:38.965748" elapsed="0.012143"/>
</kw>
<kw name="Log To Console" owner="BuiltIn">
<arg>Main window handles: ${main_windows}</arg>
<doc>Logs the given message to the console.</doc>
<status status="PASS" start="2025-10-27T18:15:38.978270" elapsed="0.002992"/>
</kw>
<kw name="Wait Until Keyword Succeeds" owner="BuiltIn">
<kw name="Popup Window Should Appear" owner="keywords">
<kw name="Get Window Handles" owner="SeleniumLibrary">
<msg time="2025-10-27T18:15:38.998862" level="INFO">${handles} = ['0159392B75584A77C73B625887364536']</msg>
<var>${handles}</var>
<doc>Returns all child window handles of the selected browser as a list.</doc>
<status status="PASS" start="2025-10-27T18:15:38.987141" elapsed="0.011821"/>
</kw>
<kw name="Get Length" owner="BuiltIn">
<msg time="2025-10-27T18:15:38.999747" level="INFO">Length is 1.</msg>
<msg time="2025-10-27T18:15:38.999961" level="INFO">${count} = 1</msg>
<var>${count}</var>
<arg>${handles}</arg>
<doc>Returns and logs the length of the given item as an integer.</doc>
<status status="PASS" start="2025-10-27T18:15:38.999327" elapsed="0.000708"/>
</kw>
<kw name="Should Be True" owner="BuiltIn">
<msg time="2025-10-27T18:15:39.001958" level="FAIL">Expected popup window to appear, but found only 1</msg>
<arg>${count} &gt; 1</arg>
<arg>msg=Expected popup window to appear, but found only ${count}</arg>
<doc>Fails if the given condition is not true.</doc>
<status status="FAIL" start="2025-10-27T18:15:39.000457" elapsed="0.008869">Expected popup window to appear, but found only 1</status>
</kw>
<status status="FAIL" start="2025-10-27T18:15:38.986195" elapsed="0.024004">Expected popup window to appear, but found only 1</status>
</kw>
<kw name="Popup Window Should Appear" owner="keywords">
<kw name="Get Window Handles" owner="SeleniumLibrary">
<msg time="2025-10-27T18:15:40.056831" level="INFO">${handles} = ['0159392B75584A77C73B625887364536', '783790F6CC98B30FF4D476C71B4135D9']</msg>
<var>${handles}</var>
<doc>Returns all child window handles of the selected browser as a list.</doc>
<status status="PASS" start="2025-10-27T18:15:40.014175" elapsed="0.042812"/>
</kw>
<kw name="Get Length" owner="BuiltIn">
<msg time="2025-10-27T18:15:40.061441" level="INFO">Length is 2.</msg>
<msg time="2025-10-27T18:15:40.061750" level="INFO">${count} = 2</msg>
<var>${count}</var>
<arg>${handles}</arg>
<doc>Returns and logs the length of the given item as an integer.</doc>
<status status="PASS" start="2025-10-27T18:15:40.058614" elapsed="0.003237"/>
</kw>
<kw name="Should Be True" owner="BuiltIn">
<arg>${count} &gt; 1</arg>
<arg>msg=Expected popup window to appear, but found only ${count}</arg>
<doc>Fails if the given condition is not true.</doc>
<status status="PASS" start="2025-10-27T18:15:40.062285" elapsed="0.001316"/>
</kw>
<status status="PASS" start="2025-10-27T18:15:40.013542" elapsed="0.050386"/>
</kw>
<arg>10x</arg>
<arg>1s</arg>
<arg>Popup Window Should Appear</arg>
<doc>Runs the specified keyword and retries if it fails.</doc>
<status status="PASS" start="2025-10-27T18:15:38.981748" elapsed="1.082857"/>
</kw>
<kw name="Get Window Handles" owner="SeleniumLibrary">
<msg time="2025-10-27T18:15:40.070162" level="INFO">${all_windows} = ['0159392B75584A77C73B625887364536', '783790F6CC98B30FF4D476C71B4135D9']</msg>
<var>${all_windows}</var>
<doc>Returns all child window handles of the selected browser as a list.</doc>
<status status="PASS" start="2025-10-27T18:15:40.065037" elapsed="0.005243"/>
</kw>
<kw name="Log To Console" owner="BuiltIn">
<arg>All windows: ${all_windows}</arg>
<doc>Logs the given message to the console.</doc>
<status status="PASS" start="2025-10-27T18:15:40.070627" elapsed="0.007771"/>
</kw>
<kw name="Set Variable" owner="BuiltIn">
<msg time="2025-10-27T18:15:40.079450" level="INFO">${popup_window} = 783790F6CC98B30FF4D476C71B4135D9</msg>
<var>${popup_window}</var>
<arg>${all_windows}[-1]</arg>
<doc>Returns the given values which can then be assigned to a variables.</doc>
<status status="PASS" start="2025-10-27T18:15:40.078791" elapsed="0.000757"/>
</kw>
<kw name="Switch Window" owner="SeleniumLibrary">
<arg>${popup_window}</arg>
<doc>Switches to browser window matching ``locator``.</doc>
<status status="PASS" start="2025-10-27T18:15:40.080197" elapsed="0.237944"/>
</kw>
<kw name="Log To Console" owner="BuiltIn">
<arg>Switched to popup window: ${popup_window}</arg>
<doc>Logs the given message to the console.</doc>
<status status="PASS" start="2025-10-27T18:15:40.318525" elapsed="0.002380"/>
</kw>
<kw name="Wait Until Page Contains Element" owner="SeleniumLibrary">
<arg>id=identifierId</arg>
<arg>timeout=15s</arg>
<doc>Waits until the element ``locator`` appears on the current page.</doc>
<status status="PASS" start="2025-10-27T18:15:40.321481" elapsed="5.332403"/>
</kw>
<kw name="Input Text" owner="SeleniumLibrary">
<msg time="2025-10-27T18:15:45.654747" level="INFO">Typing text '654259027@webmail.npru.ac.th' into text field 'id=identifierId'.</msg>
<arg>id=identifierId</arg>
<arg>${username}</arg>
<doc>Types the given ``text`` into the text field identified by ``locator``.</doc>
<status status="PASS" start="2025-10-27T18:15:45.654228" elapsed="1.330614"/>
</kw>
<kw name="Click Element" owner="SeleniumLibrary">
<msg time="2025-10-27T18:15:46.985612" level="INFO">Clicking element 'xpath=//*[@id="identifierNext"]/div/button/span'.</msg>
<arg>xpath=//*[@id="identifierNext"]/div/button/span</arg>
<doc>Click the element identified by ``locator``.</doc>
<status status="PASS" start="2025-10-27T18:15:46.985194" elapsed="0.793806"/>
</kw>
<kw name="Wait Until Element Is Visible" owner="SeleniumLibrary">
<arg>name=Passwd</arg>
<arg>timeout=15s</arg>
<doc>Waits until the element ``locator`` is visible.</doc>
<status status="PASS" start="2025-10-27T18:15:47.779338" elapsed="1.927682"/>
</kw>
<kw name="Input Text" owner="SeleniumLibrary">
<msg time="2025-10-27T18:15:49.708387" level="INFO">Typing text '166889966' into text field 'name=Passwd'.</msg>
<arg>name=Passwd</arg>
<arg>${password}</arg>
<doc>Types the given ``text`` into the text field identified by ``locator``.</doc>
<status status="PASS" start="2025-10-27T18:15:49.707702" elapsed="0.818012"/>
</kw>
<kw name="Click Element" owner="SeleniumLibrary">
<msg time="2025-10-27T18:15:50.526399" level="INFO">Clicking element 'xpath=//*[@id="passwordNext"]/div/button/span'.</msg>
<arg>xpath=//*[@id="passwordNext"]/div/button/span</arg>
<doc>Click the element identified by ``locator``.</doc>
<status status="PASS" start="2025-10-27T18:15:50.526050" elapsed="0.364140"/>
</kw>
<kw name="Wait Until Keyword Succeeds" owner="BuiltIn">
<kw name="Popup Window Should Close" owner="keywords">
<kw name="Get Window Handles" owner="SeleniumLibrary">
<msg time="2025-10-27T18:15:50.897624" level="INFO">${handles} = ['0159392B75584A77C73B625887364536', '783790F6CC98B30FF4D476C71B4135D9']</msg>
<var>${handles}</var>
<doc>Returns all child window handles of the selected browser as a list.</doc>
<status status="PASS" start="2025-10-27T18:15:50.891955" elapsed="0.005822"/>
</kw>
<kw name="Get Length" owner="BuiltIn">
<msg time="2025-10-27T18:15:50.898569" level="INFO">Length is 2.</msg>
<msg time="2025-10-27T18:15:50.898811" level="INFO">${count} = 2</msg>
<var>${count}</var>
<arg>${handles}</arg>
<doc>Returns and logs the length of the given item as an integer.</doc>
<status status="PASS" start="2025-10-27T18:15:50.898172" elapsed="0.000717"/>
</kw>
<kw name="Should Be Equal As Integers" owner="BuiltIn">
<msg time="2025-10-27T18:15:50.899967" level="INFO">Argument types are:
&lt;class 'int'&gt;
&lt;class 'str'&gt;</msg>
<msg time="2025-10-27T18:15:50.900271" level="FAIL">Expected popup to close, but found 2 windows: 2 != 1</msg>
<arg>${count}</arg>
<arg>1</arg>
<arg>msg=Expected popup to close, but found ${count} windows</arg>
<doc>Fails if objects are unequal after converting them to integers.</doc>
<status status="FAIL" start="2025-10-27T18:15:50.899266" elapsed="0.001349">Expected popup to close, but found 2 windows: 2 != 1</status>
</kw>
<status status="FAIL" start="2025-10-27T18:15:50.891138" elapsed="0.013700">Expected popup to close, but found 2 windows: 2 != 1</status>
</kw>
<kw name="Popup Window Should Close" owner="keywords">
<kw name="Get Window Handles" owner="SeleniumLibrary">
<msg time="2025-10-27T18:15:51.910563" level="INFO">${handles} = ['0159392B75584A77C73B625887364536', '783790F6CC98B30FF4D476C71B4135D9']</msg>
<var>${handles}</var>
<doc>Returns all child window handles of the selected browser as a list.</doc>
<status status="PASS" start="2025-10-27T18:15:51.906538" elapsed="0.004153"/>
</kw>
<kw name="Get Length" owner="BuiltIn">
<msg time="2025-10-27T18:15:51.911405" level="INFO">Length is 2.</msg>
<msg time="2025-10-27T18:15:51.911789" level="INFO">${count} = 2</msg>
<var>${count}</var>
<arg>${handles}</arg>
<doc>Returns and logs the length of the given item as an integer.</doc>
<status status="PASS" start="2025-10-27T18:15:51.911032" elapsed="0.000834"/>
</kw>
<kw name="Should Be Equal As Integers" owner="BuiltIn">
<msg time="2025-10-27T18:15:51.912884" level="INFO">Argument types are:
&lt;class 'int'&gt;
&lt;class 'str'&gt;</msg>
<msg time="2025-10-27T18:15:51.913163" level="FAIL">Expected popup to close, but found 2 windows: 2 != 1</msg>
<arg>${count}</arg>
<arg>1</arg>
<arg>msg=Expected popup to close, but found ${count} windows</arg>
<doc>Fails if objects are unequal after converting them to integers.</doc>
<status status="FAIL" start="2025-10-27T18:15:51.912272" elapsed="0.001177">Expected popup to close, but found 2 windows: 2 != 1</status>
</kw>
<status status="FAIL" start="2025-10-27T18:15:51.905914" elapsed="0.008476">Expected popup to close, but found 2 windows: 2 != 1</status>
</kw>
<kw name="Popup Window Should Close" owner="keywords">
<kw name="Get Window Handles" owner="SeleniumLibrary">
<msg time="2025-10-27T18:15:52.976272" level="INFO">${handles} = ['0159392B75584A77C73B625887364536', '783790F6CC98B30FF4D476C71B4135D9']</msg>
<var>${handles}</var>
<doc>Returns all child window handles of the selected browser as a list.</doc>
<status status="PASS" start="2025-10-27T18:15:52.928155" elapsed="0.048217"/>
</kw>
<kw name="Get Length" owner="BuiltIn">
<msg time="2025-10-27T18:15:52.977043" level="INFO">Length is 2.</msg>
<msg time="2025-10-27T18:15:52.977285" level="INFO">${count} = 2</msg>
<var>${count}</var>
<arg>${handles}</arg>
<doc>Returns and logs the length of the given item as an integer.</doc>
<status status="PASS" start="2025-10-27T18:15:52.976715" elapsed="0.000634"/>
</kw>
<kw name="Should Be Equal As Integers" owner="BuiltIn">
<msg time="2025-10-27T18:15:52.978220" level="INFO">Argument types are:
&lt;class 'int'&gt;
&lt;class 'str'&gt;</msg>
<msg time="2025-10-27T18:15:52.978450" level="FAIL">Expected popup to close, but found 2 windows: 2 != 1</msg>
<arg>${count}</arg>
<arg>1</arg>
<arg>msg=Expected popup to close, but found ${count} windows</arg>
<doc>Fails if objects are unequal after converting them to integers.</doc>
<status status="FAIL" start="2025-10-27T18:15:52.977648" elapsed="0.000945">Expected popup to close, but found 2 windows: 2 != 1</status>
</kw>
<status status="FAIL" start="2025-10-27T18:15:52.919528" elapsed="0.059325">Expected popup to close, but found 2 windows: 2 != 1</status>
</kw>
<kw name="Popup Window Should Close" owner="keywords">
<kw name="Get Window Handles" owner="SeleniumLibrary">
<msg time="2025-10-27T18:15:54.063869" level="INFO">${handles} = ['0159392B75584A77C73B625887364536', '783790F6CC98B30FF4D476C71B4135D9']</msg>
<var>${handles}</var>
<doc>Returns all child window handles of the selected browser as a list.</doc>
<status status="PASS" start="2025-10-27T18:15:54.018298" elapsed="0.045690"/>
</kw>
<kw name="Get Length" owner="BuiltIn">
<msg time="2025-10-27T18:15:54.064777" level="INFO">Length is 2.</msg>
<msg time="2025-10-27T18:15:54.065004" level="INFO">${count} = 2</msg>
<var>${count}</var>
<arg>${handles}</arg>
<doc>Returns and logs the length of the given item as an integer.</doc>
<status status="PASS" start="2025-10-27T18:15:54.064384" elapsed="0.000698"/>
</kw>
<kw name="Should Be Equal As Integers" owner="BuiltIn">
<msg time="2025-10-27T18:15:54.066157" level="INFO">Argument types are:
&lt;class 'int'&gt;
&lt;class 'str'&gt;</msg>
<msg time="2025-10-27T18:15:54.066450" level="FAIL">Expected popup to close, but found 2 windows: 2 != 1</msg>
<arg>${count}</arg>
<arg>1</arg>
<arg>msg=Expected popup to close, but found ${count} windows</arg>
<doc>Fails if objects are unequal after converting them to integers.</doc>
<status status="FAIL" start="2025-10-27T18:15:54.065435" elapsed="0.001168">Expected popup to close, but found 2 windows: 2 != 1</status>
</kw>
<status status="FAIL" start="2025-10-27T18:15:54.004427" elapsed="0.062555">Expected popup to close, but found 2 windows: 2 != 1</status>
</kw>
<kw name="Popup Window Should Close" owner="keywords">
<kw name="Get Window Handles" owner="SeleniumLibrary">
<msg time="2025-10-27T18:15:55.083835" level="INFO">${handles} = ['0159392B75584A77C73B625887364536', '783790F6CC98B30FF4D476C71B4135D9']</msg>
<var>${handles}</var>
<doc>Returns all child window handles of the selected browser as a list.</doc>
<status status="PASS" start="2025-10-27T18:15:55.069918" elapsed="0.014006"/>
</kw>
<kw name="Get Length" owner="BuiltIn">
<msg time="2025-10-27T18:15:55.084965" level="INFO">Length is 2.</msg>
<msg time="2025-10-27T18:15:55.085162" level="INFO">${count} = 2</msg>
<var>${count}</var>
<arg>${handles}</arg>
<doc>Returns and logs the length of the given item as an integer.</doc>
<status status="PASS" start="2025-10-27T18:15:55.084251" elapsed="0.000975"/>
</kw>
<kw name="Should Be Equal As Integers" owner="BuiltIn">
<msg time="2025-10-27T18:15:55.086468" level="INFO">Argument types are:
&lt;class 'int'&gt;
&lt;class 'str'&gt;</msg>
<msg time="2025-10-27T18:15:55.086710" level="FAIL">Expected popup to close, but found 2 windows: 2 != 1</msg>
<arg>${count}</arg>
<arg>1</arg>
<arg>msg=Expected popup to close, but found ${count} windows</arg>
<doc>Fails if objects are unequal after converting them to integers.</doc>
<status status="FAIL" start="2025-10-27T18:15:55.085760" elapsed="0.001122">Expected popup to close, but found 2 windows: 2 != 1</status>
</kw>
<status status="FAIL" start="2025-10-27T18:15:55.069340" elapsed="0.017963">Expected popup to close, but found 2 windows: 2 != 1</status>
</kw>
<kw name="Popup Window Should Close" owner="keywords">
<kw name="Get Window Handles" owner="SeleniumLibrary">
<msg time="2025-10-27T18:15:56.124371" level="INFO">${handles} = ['0159392B75584A77C73B625887364536', '783790F6CC98B30FF4D476C71B4135D9']</msg>
<var>${handles}</var>
<doc>Returns all child window handles of the selected browser as a list.</doc>
<status status="PASS" start="2025-10-27T18:15:56.104542" elapsed="0.019918"/>
</kw>
<kw name="Get Length" owner="BuiltIn">
<msg time="2025-10-27T18:15:56.126726" level="INFO">Length is 2.</msg>
<msg time="2025-10-27T18:15:56.127036" level="INFO">${count} = 2</msg>
<var>${count}</var>
<arg>${handles}</arg>
<doc>Returns and logs the length of the given item as an integer.</doc>
<status status="PASS" start="2025-10-27T18:15:56.124952" elapsed="0.002400"/>
</kw>
<kw name="Should Be Equal As Integers" owner="BuiltIn">
<msg time="2025-10-27T18:15:56.128437" level="INFO">Argument types are:
&lt;class 'int'&gt;
&lt;class 'str'&gt;</msg>
<msg time="2025-10-27T18:15:56.128654" level="FAIL">Expected popup to close, but found 2 windows: 2 != 1</msg>
<arg>${count}</arg>
<arg>1</arg>
<arg>msg=Expected popup to close, but found ${count} windows</arg>
<doc>Fails if objects are unequal after converting them to integers.</doc>
<status status="FAIL" start="2025-10-27T18:15:56.127790" elapsed="0.001004">Expected popup to close, but found 2 windows: 2 != 1</status>
</kw>
<status status="FAIL" start="2025-10-27T18:15:56.102909" elapsed="0.026152">Expected popup to close, but found 2 windows: 2 != 1</status>
</kw>
<kw name="Popup Window Should Close" owner="keywords">
<kw name="Get Window Handles" owner="SeleniumLibrary">
<msg time="2025-10-27T18:15:57.163216" level="INFO">${handles} = ['0159392B75584A77C73B625887364536', '783790F6CC98B30FF4D476C71B4135D9']</msg>
<var>${handles}</var>
<doc>Returns all child window handles of the selected browser as a list.</doc>
<status status="PASS" start="2025-10-27T18:15:57.137847" elapsed="0.025469"/>
</kw>
<kw name="Get Length" owner="BuiltIn">
<msg time="2025-10-27T18:15:57.163957" level="INFO">Length is 2.</msg>
<msg time="2025-10-27T18:15:57.164138" level="INFO">${count} = 2</msg>
<var>${count}</var>
<arg>${handles}</arg>
<doc>Returns and logs the length of the given item as an integer.</doc>
<status status="PASS" start="2025-10-27T18:15:57.163638" elapsed="0.000562"/>
</kw>
<kw name="Should Be Equal As Integers" owner="BuiltIn">
<msg time="2025-10-27T18:15:57.165025" level="INFO">Argument types are:
&lt;class 'int'&gt;
&lt;class 'str'&gt;</msg>
<msg time="2025-10-27T18:15:57.165228" level="FAIL">Expected popup to close, but found 2 windows: 2 != 1</msg>
<arg>${count}</arg>
<arg>1</arg>
<arg>msg=Expected popup to close, but found ${count} windows</arg>
<doc>Fails if objects are unequal after converting them to integers.</doc>
<status status="FAIL" start="2025-10-27T18:15:57.164473" elapsed="0.000900">Expected popup to close, but found 2 windows: 2 != 1</status>
</kw>
<status status="FAIL" start="2025-10-27T18:15:57.137235" elapsed="0.028399">Expected popup to close, but found 2 windows: 2 != 1</status>
</kw>
<kw name="Popup Window Should Close" owner="keywords">
<kw name="Get Window Handles" owner="SeleniumLibrary">
<msg time="2025-10-27T18:15:58.206070" level="INFO">${handles} = ['0159392B75584A77C73B625887364536']</msg>
<var>${handles}</var>
<doc>Returns all child window handles of the selected browser as a list.</doc>
<status status="PASS" start="2025-10-27T18:15:58.180191" elapsed="0.025995"/>
</kw>
<kw name="Get Length" owner="BuiltIn">
<msg time="2025-10-27T18:15:58.216434" level="INFO">Length is 1.</msg>
<msg time="2025-10-27T18:15:58.217063" level="INFO">${count} = 1</msg>
<var>${count}</var>
<arg>${handles}</arg>
<doc>Returns and logs the length of the given item as an integer.</doc>
<status status="PASS" start="2025-10-27T18:15:58.206562" elapsed="0.010619"/>
</kw>
<kw name="Should Be Equal As Integers" owner="BuiltIn">
<msg time="2025-10-27T18:15:58.222000" level="INFO">Argument types are:
&lt;class 'int'&gt;
&lt;class 'str'&gt;</msg>
<arg>${count}</arg>
<arg>1</arg>
<arg>msg=Expected popup to close, but found ${count} windows</arg>
<doc>Fails if objects are unequal after converting them to integers.</doc>
<status status="PASS" start="2025-10-27T18:15:58.217580" elapsed="0.004636"/>
</kw>
<status status="PASS" start="2025-10-27T18:15:58.172458" elapsed="0.050070"/>
</kw>
<arg>10x</arg>
<arg>1s</arg>
<arg>Popup Window Should Close</arg>
<doc>Runs the specified keyword and retries if it fails.</doc>
<status status="PASS" start="2025-10-27T18:15:50.890571" elapsed="7.332132"/>
</kw>
<kw name="Get Window Handles" owner="SeleniumLibrary">
<msg time="2025-10-27T18:15:58.242534" level="INFO">${main_windows} = ['0159392B75584A77C73B625887364536']</msg>
<var>${main_windows}</var>
<doc>Returns all child window handles of the selected browser as a list.</doc>
<status status="PASS" start="2025-10-27T18:15:58.223184" elapsed="0.021629"/>
</kw>
<kw name="Switch Window" owner="SeleniumLibrary">
<arg>${main_windows}[0]</arg>
<doc>Switches to browser window matching ``locator``.</doc>
<status status="PASS" start="2025-10-27T18:15:58.246499" elapsed="0.042876"/>
</kw>
<kw name="Log To Console" owner="BuiltIn">
<arg>Switched back to main window: ${main_windows}[0]</arg>
<doc>Logs the given message to the console.</doc>
<status status="PASS" start="2025-10-27T18:15:58.289750" elapsed="0.007946"/>
</kw>
<arg>${USERNAME}</arg>
<arg>${PASSWORD}</arg>
<status status="PASS" start="2025-10-27T18:15:38.964586" elapsed="19.333480"/>
</kw>
<kw name="Sleep" owner="BuiltIn">
<msg time="2025-10-27T18:16:03.303012" level="INFO">Slept 5 seconds.</msg>
<arg>5s</arg>
<doc>Pauses the test executed for the given time.</doc>
<status status="PASS" start="2025-10-27T18:15:58.301396" elapsed="5.001830"/>
</kw>
<kw name="Page Should Contain" owner="SeleniumLibrary">
<msg time="2025-10-27T18:16:03.362178" level="INFO">Current page contains text 'รายชื่อบุคลากร'.</msg>
<arg>รายชื่อบุคลากร</arg>
<doc>Verifies that current page contains ``text``.</doc>
<status status="PASS" start="2025-10-27T18:16:03.305467" elapsed="0.056913"/>
</kw>
<kw name="Click Element" owner="SeleniumLibrary">
<msg time="2025-10-27T18:16:03.363427" level="INFO">Clicking element 'xpath=//*[@id="root"]/div[1]/div[2]/ul/li[5]/a'.</msg>
<arg>xpath=//*[@id="root"]/div[1]/div[2]/ul/li[5]/a</arg>
<doc>Click the element identified by ``locator``.</doc>
<status status="PASS" start="2025-10-27T18:16:03.362992" elapsed="2.489023"/>
</kw>
<kw name="Sleep" owner="BuiltIn">
<msg time="2025-10-27T18:16:10.883553" level="INFO">Slept 5 seconds.</msg>
<arg>5s</arg>
<doc>Pauses the test executed for the given time.</doc>
<status status="PASS" start="2025-10-27T18:16:05.874969" elapsed="5.008998"/>
</kw>
<kw name="Select Year From Dropdown">
<kw name="Select From List By Label" owner="SeleniumLibrary">
<msg time="2025-10-27T18:16:10.887149" level="INFO">Selecting options from selection list 'xpath=//*[@id="year-selector"]' by label 2568.</msg>
<arg>xpath=//*[@id="year-selector"]</arg>
<arg>${year}</arg>
<doc>Selects options from selection list ``locator`` by ``labels``.</doc>
<status status="PASS" start="2025-10-27T18:16:10.886297" elapsed="0.642565"/>
</kw>
<arg>2568</arg>
<status status="PASS" start="2025-10-27T18:16:10.885148" elapsed="0.644133"/>
</kw>
<kw name="Add Class Button">
<kw name="Click Element" owner="SeleniumLibrary">
<msg time="2025-10-27T18:16:11.550193" level="INFO">Clicking element 'xpath=//*[@id="root"]/div[2]/div/div[2]/div[3]/div[2]/button'.</msg>
<arg>xpath=//*[@id="root"]/div[2]/div/div[2]/div[3]/div[2]/button</arg>
<doc>Click the element identified by ``locator``.</doc>
<status status="PASS" start="2025-10-27T18:16:11.549814" elapsed="1.157419"/>
</kw>
<kw name="Sleep" owner="BuiltIn">
<msg time="2025-10-27T18:16:14.708283" level="INFO">Slept 2 seconds.</msg>
<arg>2s</arg>
<doc>Pauses the test executed for the given time.</doc>
<status status="PASS" start="2025-10-27T18:16:12.707640" elapsed="2.000861"/>
</kw>
<status status="PASS" start="2025-10-27T18:16:11.549231" elapsed="3.159471"/>
</kw>
<kw name="Press Keys" owner="SeleniumLibrary">
<msg time="2025-10-27T18:16:14.710471" level="INFO">Sending key(s) ('BACKSPACE',) to id=room_add element.</msg>
<msg time="2025-10-27T18:16:15.171838" level="INFO">Pressing special key BACKSPACE to element.</msg>
<msg time="2025-10-27T18:16:15.172071" level="INFO">Releasing special key BACKSPACE.</msg>
<arg>${CLASS_YEAR_NUMBER_FIELD}</arg>
<arg>BACKSPACE</arg>
<doc>Simulates the user pressing key(s) to an element or on the active browser.</doc>
<status status="PASS" start="2025-10-27T18:16:14.709541" elapsed="0.497401"/>
</kw>
<kw name="Add Class Year">
<kw name="Input Text" owner="SeleniumLibrary">
<msg time="2025-10-27T18:16:15.208857" level="INFO">Typing text '4' into text field 'id=room_add'.</msg>
<arg>${CLASS_YEAR_NUMBER_FIELD}</arg>
<arg>${CLASS_YEAR_NUMBER}</arg>
<doc>Types the given ``text`` into the text field identified by ``locator``.</doc>
<status status="PASS" start="2025-10-27T18:16:15.208324" elapsed="0.327204"/>
</kw>
<arg>4</arg>
<status status="PASS" start="2025-10-27T18:16:15.207547" elapsed="0.328342"/>
</kw>
<kw name="Press Keys" owner="SeleniumLibrary">
<msg time="2025-10-27T18:16:15.538002" level="INFO">Sending key(s) ('BACKSPACE',) to id=number_add element.</msg>
<msg time="2025-10-27T18:16:16.048402" level="INFO">Pressing special key BACKSPACE to element.</msg>
<msg time="2025-10-27T18:16:16.048567" level="INFO">Releasing special key BACKSPACE.</msg>
<arg>${CLASS_ROOM_NUMBER_FIELD}</arg>
<arg>BACKSPACE</arg>
<doc>Simulates the user pressing key(s) to an element or on the active browser.</doc>
<status status="PASS" start="2025-10-27T18:16:15.536992" elapsed="0.548023"/>
</kw>
<kw name="Add Class Room">
<kw name="Input Text" owner="SeleniumLibrary">
<msg time="2025-10-27T18:16:16.086946" level="INFO">Typing text '6' into text field 'id=number_add'.</msg>
<arg>${CLASS_ROOM_NUMBER_FIELD}</arg>
<arg>${CLASS_ROOM_NUMBER}</arg>
<doc>Types the given ``text`` into the text field identified by ``locator``.</doc>
<status status="PASS" start="2025-10-27T18:16:16.086465" elapsed="0.271226"/>
</kw>
<arg>6</arg>
<status status="PASS" start="2025-10-27T18:16:16.085778" elapsed="0.272289"/>
</kw>
<kw name="Prefix Dropdown Select Teacher">
<kw name="Select From List By Label" owner="SeleniumLibrary">
<msg time="2025-10-27T18:16:16.362819" level="INFO">Selecting options from selection list 'id=teacherId_add' by label กิตติศักดิ์ สมบูรณ์.</msg>
<arg>${TEACHER_FIELD}</arg>
<arg>${TEACHER_NAME}</arg>
<doc>Selects options from selection list ``locator`` by ``labels``.</doc>
<status status="PASS" start="2025-10-27T18:16:16.361483" elapsed="0.368026"/>
</kw>
<arg>กิตติศักดิ์ สมบูรณ์</arg>
<status status="PASS" start="2025-10-27T18:16:16.360201" elapsed="0.370039"/>
</kw>
<kw name="Click Element" owner="SeleniumLibrary">
<msg time="2025-10-27T18:16:16.732595" level="INFO">Clicking element 'xpath=//*[@id="add_classroom"]/div/form/div/div[4]/button[1]'.</msg>
<arg>xpath=//*[@id="add_classroom"]/div/form/div/div[4]/button[1]</arg>
<doc>Click the element identified by ``locator``.</doc>
<status status="PASS" start="2025-10-27T18:16:16.731865" elapsed="0.376825"/>
</kw>
<kw name="Wait Until Page Contains" owner="SeleniumLibrary">
<arg>สร้างชั้นปี 4 ห้องที่ 6 สำเร็จ</arg>
<arg>timeout=10s</arg>
<doc>Waits until ``text`` appears on the current page.</doc>
<status status="PASS" start="2025-10-27T18:16:17.110861" elapsed="0.564526"/>
</kw>
<kw name="Capture Page Screenshot With Name">
<kw name="Get Current Date" owner="DateTime">
<msg time="2025-10-27T18:16:17.702760" level="INFO">${timestamp} = 20251027_181617</msg>
<var>${timestamp}</var>
<arg>result_format=%Y%m%d_%H%M%S</arg>
<doc>Returns current local or UTC time with an optional increment.</doc>
<status status="PASS" start="2025-10-27T18:16:17.700775" elapsed="0.002111"/>
</kw>
<kw name="Set Variable" owner="BuiltIn">
<msg time="2025-10-27T18:16:17.703704" level="INFO">${folder} = D:\Coding Works\Robot UV\tests/results/Class_results</msg>
<var>${folder}</var>
<arg>${EXECDIR}/results/Class_results</arg>
<doc>Returns the given values which can then be assigned to a variables.</doc>
<status status="PASS" start="2025-10-27T18:16:17.703248" elapsed="0.000540"/>
</kw>
<kw name="Create Directory" owner="OperatingSystem">
<msg time="2025-10-27T18:16:17.785195" level="INFO" html="true">Created directory '&lt;a href="file://D:\Coding Works\Robot UV\tests\results\Class_results"&gt;D:\Coding Works\Robot UV\tests\results\Class_results&lt;/a&gt;'.</msg>
<arg>${folder}</arg>
<doc>Creates the specified directory.</doc>
<status status="PASS" start="2025-10-27T18:16:17.704134" elapsed="0.081299"/>
</kw>
<kw name="Set Variable" owner="BuiltIn">
<msg time="2025-10-27T18:16:17.800513" level="INFO">${filename} = D:\Coding Works\Robot UV\tests/results/Class_results/TC1701_Add_Class_Success_20251027_181617.png</msg>
<var>${filename}</var>
<arg>${folder}/${test_case_name}_${timestamp}.png</arg>
<doc>Returns the given values which can then be assigned to a variables.</doc>
<status status="PASS" start="2025-10-27T18:16:17.785939" elapsed="0.014736"/>
</kw>
<kw name="Log" owner="BuiltIn">
<msg time="2025-10-27T18:16:17.801552" level="INFO">Capturing screenshot: D:\Coding Works\Robot UV\tests/results/Class_results/TC1701_Add_Class_Success_20251027_181617.png</msg>
<arg>Capturing screenshot: ${filename}</arg>
<doc>Logs the given message with the given level.</doc>
<status status="PASS" start="2025-10-27T18:16:17.801135" elapsed="0.000589"/>
</kw>
<kw name="Capture Page Screenshot" owner="SeleniumLibrary">
<msg time="2025-10-27T18:16:18.558621" level="INFO" html="true">&lt;/td&gt;&lt;/tr&gt;&lt;tr&gt;&lt;td colspan="3"&gt;&lt;a href="results/Class_results/TC1701_Add_Class_Success_20251027_181617.png"&gt;&lt;img src="results/Class_results/TC1701_Add_Class_Success_20251027_181617.png" width="800px"&gt;&lt;/a&gt;</msg>
<arg>${filename}</arg>
<doc>Takes a screenshot of the current page and embeds it into a log file.</doc>
<status status="PASS" start="2025-10-27T18:16:17.820340" elapsed="0.738528"/>
</kw>
<arg>TC1701_Add_Class_Success</arg>
<status status="PASS" start="2025-10-27T18:16:17.700098" elapsed="0.859038"/>
</kw>
<kw name="Close Browser" owner="SeleniumLibrary">
<doc>Closes the current browser.</doc>
<status status="PASS" start="2025-10-27T18:16:18.590172" elapsed="4.621346"/>
</kw>
<doc>ทดสอบการเพิ่มชั้นเรียนใหม่</doc>
<status status="PASS" start="2025-10-27T18:15:31.136593" elapsed="52.076348"/>
</test>
<test id="s1-t2" name="TC1702 - เจ้าหน้าที่ฝ่ายทะเบียนเพิ่มชั้นเรียนไม่สำเร็จ(กรอกตัวเลขชั้่นเรียนมากกว่าเลข 6)" line="60">
<kw name="Open Browser" owner="SeleniumLibrary">
<msg time="2025-10-27T18:16:23.224621" level="INFO">Opening browser 'chrome' to base url 'http://localhost:5173'.</msg>
<arg>${URL}</arg>
<arg>${BROWSER}</arg>
<doc>Opens a new browser instance to the optional ``url``.</doc>
<status status="PASS" start="2025-10-27T18:16:23.223942" elapsed="6.125022"/>
</kw>
<kw name="Maximize Browser Window" owner="SeleniumLibrary">
<doc>Maximizes current browser window.</doc>
<status status="PASS" start="2025-10-27T18:16:29.355387" elapsed="0.099602"/>
</kw>
<kw name="Click Element" owner="SeleniumLibrary">
<msg time="2025-10-27T18:16:29.467226" level="INFO">Clicking element 'xpath=//*[@id="privacy_checkbox"]'.</msg>
<arg>xpath=//*[@id="privacy_checkbox"]</arg>
<doc>Click the element identified by ``locator``.</doc>
<status status="PASS" start="2025-10-27T18:16:29.466661" elapsed="0.319932"/>
</kw>
<kw name="Click Element" owner="SeleniumLibrary">
<msg time="2025-10-27T18:16:29.788980" level="INFO">Clicking element 'xpath=//*[@id="privacy_modal"]/div/div[2]/form/button'.</msg>
<arg>xpath=//*[@id="privacy_modal"]/div/div[2]/form/button</arg>
<doc>Click the element identified by ``locator``.</doc>
<status status="PASS" start="2025-10-27T18:16:29.788484" elapsed="0.316888"/>
</kw>
<kw name="Click Element" owner="SeleniumLibrary">
<msg time="2025-10-27T18:16:30.107959" level="INFO">Clicking element 'id=btn-login'.</msg>
<arg>id=btn-login</arg>
<doc>Click the element identified by ``locator``.</doc>
<status status="PASS" start="2025-10-27T18:16:30.107427" elapsed="0.226706"/>
</kw>
<kw name="Login With Google OAuth" owner="keywords">
<kw name="Get Window Handles" owner="SeleniumLibrary">
<msg time="2025-10-27T18:16:30.340830" level="INFO">${main_windows} = ['0381298E76BDADD054348632733D7D03']</msg>
<var>${main_windows}</var>
<doc>Returns all child window handles of the selected browser as a list.</doc>
<status status="PASS" start="2025-10-27T18:16:30.337512" elapsed="0.003435"/>
</kw>
<kw name="Log To Console" owner="BuiltIn">
<arg>Main window handles: ${main_windows}</arg>
<doc>Logs the given message to the console.</doc>
<status status="PASS" start="2025-10-27T18:16:30.341333" elapsed="0.004808"/>
</kw>
<kw name="Wait Until Keyword Succeeds" owner="BuiltIn">
<kw name="Popup Window Should Appear" owner="keywords">
<kw name="Get Window Handles" owner="SeleniumLibrary">
<msg time="2025-10-27T18:16:30.357849" level="INFO">${handles} = ['0381298E76BDADD054348632733D7D03']</msg>
<var>${handles}</var>
<doc>Returns all child window handles of the selected browser as a list.</doc>
<status status="PASS" start="2025-10-27T18:16:30.352134" elapsed="0.005858"/>
</kw>
<kw name="Get Length" owner="BuiltIn">
<msg time="2025-10-27T18:16:30.358986" level="INFO">Length is 1.</msg>
<msg time="2025-10-27T18:16:30.359300" level="INFO">${count} = 1</msg>
<var>${count}</var>
<arg>${handles}</arg>
<doc>Returns and logs the length of the given item as an integer.</doc>
<status status="PASS" start="2025-10-27T18:16:30.358461" elapsed="0.000917"/>
</kw>
<kw name="Should Be True" owner="BuiltIn">
<msg time="2025-10-27T18:16:30.360892" level="FAIL">Expected popup window to appear, but found only 1</msg>
<arg>${count} &gt; 1</arg>
<arg>msg=Expected popup window to appear, but found only ${count}</arg>
<doc>Fails if the given condition is not true.</doc>
<status status="FAIL" start="2025-10-27T18:16:30.359784" elapsed="0.001444">Expected popup window to appear, but found only 1</status>
</kw>
<status status="FAIL" start="2025-10-27T18:16:30.349483" elapsed="0.012236">Expected popup window to appear, but found only 1</status>
</kw>
<kw name="Popup Window Should Appear" owner="keywords">
<kw name="Get Window Handles" owner="SeleniumLibrary">
<msg time="2025-10-27T18:16:31.437999" level="INFO">${handles} = ['0381298E76BDADD054348632733D7D03', '013D81028F715BD298CE18456D32E256']</msg>
<var>${handles}</var>
<doc>Returns all child window handles of the selected browser as a list.</doc>
<status status="PASS" start="2025-10-27T18:16:31.368281" elapsed="0.069813"/>
</kw>
<kw name="Get Length" owner="BuiltIn">
<msg time="2025-10-27T18:16:31.439085" level="INFO">Length is 2.</msg>
<msg time="2025-10-27T18:16:31.439284" level="INFO">${count} = 2</msg>
<var>${count}</var>
<arg>${handles}</arg>
<doc>Returns and logs the length of the given item as an integer.</doc>
<status status="PASS" start="2025-10-27T18:16:31.438564" elapsed="0.000768"/>
</kw>
<kw name="Should Be True" owner="BuiltIn">
<arg>${count} &gt; 1</arg>
<arg>msg=Expected popup window to appear, but found only ${count}</arg>
<doc>Fails if the given condition is not true.</doc>
<status status="PASS" start="2025-10-27T18:16:31.439612" elapsed="0.000584"/>
</kw>
<status status="PASS" start="2025-10-27T18:16:31.367484" elapsed="0.072894"/>
</kw>
<arg>10x</arg>
<arg>1s</arg>
<arg>Popup Window Should Appear</arg>
<doc>Runs the specified keyword and retries if it fails.</doc>
<status status="PASS" start="2025-10-27T18:16:30.346614" elapsed="1.093888"/>
</kw>
<kw name="Get Window Handles" owner="SeleniumLibrary">
<msg time="2025-10-27T18:16:31.455086" level="INFO">${all_windows} = ['0381298E76BDADD054348632733D7D03', '013D81028F715BD298CE18456D32E256']</msg>
<var>${all_windows}</var>
<doc>Returns all child window handles of the selected browser as a list.</doc>
<status status="PASS" start="2025-10-27T18:16:31.440809" elapsed="0.014356"/>
</kw>
<kw name="Log To Console" owner="BuiltIn">
<arg>All windows: ${all_windows}</arg>
<doc>Logs the given message to the console.</doc>
<status status="PASS" start="2025-10-27T18:16:31.455459" elapsed="0.005691"/>
</kw>
<kw name="Set Variable" owner="BuiltIn">
<msg time="2025-10-27T18:16:31.462145" level="INFO">${popup_window} = 013D81028F715BD298CE18456D32E256</msg>
<var>${popup_window}</var>
<arg>${all_windows}[-1]</arg>
<doc>Returns the given values which can then be assigned to a variables.</doc>
<status status="PASS" start="2025-10-27T18:16:31.461608" elapsed="0.000616"/>
</kw>
<kw name="Switch Window" owner="SeleniumLibrary">
<arg>${popup_window}</arg>
<doc>Switches to browser window matching ``locator``.</doc>
<status status="PASS" start="2025-10-27T18:16:31.462939" elapsed="0.251644"/>
</kw>
<kw name="Log To Console" owner="BuiltIn">
<arg>Switched to popup window: ${popup_window}</arg>
<doc>Logs the given message to the console.</doc>
<status status="PASS" start="2025-10-27T18:16:31.715073" elapsed="0.005140"/>
</kw>
<kw name="Wait Until Page Contains Element" owner="SeleniumLibrary">
<arg>id=identifierId</arg>
<arg>timeout=15s</arg>
<doc>Waits until the element ``locator`` appears on the current page.</doc>
<status status="PASS" start="2025-10-27T18:16:31.720686" elapsed="4.054147"/>
</kw>
<kw name="Input Text" owner="SeleniumLibrary">
<msg time="2025-10-27T18:16:35.775734" level="INFO">Typing text '654259027@webmail.npru.ac.th' into text field 'id=identifierId'.</msg>
<arg>id=identifierId</arg>
<arg>${username}</arg>
<doc>Types the given ``text`` into the text field identified by ``locator``.</doc>
<status status="PASS" start="2025-10-27T18:16:35.775174" elapsed="1.086664"/>
</kw>
<kw name="Click Element" owner="SeleniumLibrary">
<msg time="2025-10-27T18:16:36.862698" level="INFO">Clicking element 'xpath=//*[@id="identifierNext"]/div/button/span'.</msg>
<arg>xpath=//*[@id="identifierNext"]/div/button/span</arg>
<doc>Click the element identified by ``locator``.</doc>
<status status="PASS" start="2025-10-27T18:16:36.862245" elapsed="0.719369"/>
</kw>
<kw name="Wait Until Element Is Visible" owner="SeleniumLibrary">
<arg>name=Passwd</arg>
<arg>timeout=15s</arg>
<doc>Waits until the element ``locator`` is visible.</doc>
<status status="PASS" start="2025-10-27T18:16:37.581995" elapsed="1.818934"/>
</kw>
<kw name="Input Text" owner="SeleniumLibrary">
<msg time="2025-10-27T18:16:39.401903" level="INFO">Typing text '166889966' into text field 'name=Passwd'.</msg>
<arg>name=Passwd</arg>
<arg>${password}</arg>
<doc>Types the given ``text`` into the text field identified by ``locator``.</doc>
<status status="PASS" start="2025-10-27T18:16:39.401289" elapsed="0.666437"/>
</kw>
<kw name="Click Element" owner="SeleniumLibrary">
<msg time="2025-10-27T18:16:40.068595" level="INFO">Clicking element 'xpath=//*[@id="passwordNext"]/div/button/span'.</msg>
<arg>xpath=//*[@id="passwordNext"]/div/button/span</arg>
<doc>Click the element identified by ``locator``.</doc>
<status status="PASS" start="2025-10-27T18:16:40.068123" elapsed="0.344052"/>
</kw>
<kw name="Wait Until Keyword Succeeds" owner="BuiltIn">
<kw name="Popup Window Should Close" owner="keywords">
<kw name="Get Window Handles" owner="SeleniumLibrary">
<msg time="2025-10-27T18:16:40.417489" level="INFO">${handles} = ['0381298E76BDADD054348632733D7D03', '013D81028F715BD298CE18456D32E256']</msg>
<var>${handles}</var>
<doc>Returns all child window handles of the selected browser as a list.</doc>
<status status="PASS" start="2025-10-27T18:16:40.413957" elapsed="0.003620"/>
</kw>
<kw name="Get Length" owner="BuiltIn">
<msg time="2025-10-27T18:16:40.418175" level="INFO">Length is 2.</msg>
<msg time="2025-10-27T18:16:40.418367" level="INFO">${count} = 2</msg>
<var>${count}</var>
<arg>${handles}</arg>
<doc>Returns and logs the length of the given item as an integer.</doc>
<status status="PASS" start="2025-10-27T18:16:40.417872" elapsed="0.000555"/>
</kw>
<kw name="Should Be Equal As Integers" owner="BuiltIn">
<msg time="2025-10-27T18:16:40.419345" level="INFO">Argument types are:
&lt;class 'int'&gt;
&lt;class 'str'&gt;</msg>
<msg time="2025-10-27T18:16:40.419575" level="FAIL">Expected popup to close, but found 2 windows: 2 != 1</msg>
<arg>${count}</arg>
<arg>1</arg>
<arg>msg=Expected popup to close, but found ${count} windows</arg>
<doc>Fails if objects are unequal after converting them to integers.</doc>
<status status="FAIL" start="2025-10-27T18:16:40.418796" elapsed="0.000940">Expected popup to close, but found 2 windows: 2 != 1</status>
</kw>
<status status="FAIL" start="2025-10-27T18:16:40.413293" elapsed="0.006734">Expected popup to close, but found 2 windows: 2 != 1</status>
</kw>
<kw name="Popup Window Should Close" owner="keywords">
<kw name="Get Window Handles" owner="SeleniumLibrary">
<msg time="2025-10-27T18:16:41.431561" level="INFO">${handles} = ['0381298E76BDADD054348632733D7D03', '013D81028F715BD298CE18456D32E256']</msg>
<var>${handles}</var>
<doc>Returns all child window handles of the selected browser as a list.</doc>
<status status="PASS" start="2025-10-27T18:16:41.421697" elapsed="0.009947"/>
</kw>
<kw name="Get Length" owner="BuiltIn">
<msg time="2025-10-27T18:16:41.432231" level="INFO">Length is 2.</msg>
<msg time="2025-10-27T18:16:41.432378" level="INFO">${count} = 2</msg>
<var>${count}</var>
<arg>${handles}</arg>
<doc>Returns and logs the length of the given item as an integer.</doc>
<status status="PASS" start="2025-10-27T18:16:41.431939" elapsed="0.000491"/>
</kw>
<kw name="Should Be Equal As Integers" owner="BuiltIn">
<msg time="2025-10-27T18:16:41.433869" level="INFO">Argument types are:
&lt;class 'int'&gt;
&lt;class 'str'&gt;</msg>
<msg time="2025-10-27T18:16:41.435569" level="FAIL">Expected popup to close, but found 2 windows: 2 != 1</msg>
<arg>${count}</arg>
<arg>1</arg>
<arg>msg=Expected popup to close, but found ${count} windows</arg>
<doc>Fails if objects are unequal after converting them to integers.</doc>
<status status="FAIL" start="2025-10-27T18:16:41.432673" elapsed="0.003409">Expected popup to close, but found 2 windows: 2 != 1</status>
</kw>
<status status="FAIL" start="2025-10-27T18:16:41.420884" elapsed="0.016074">Expected popup to close, but found 2 windows: 2 != 1</status>
</kw>
<kw name="Popup Window Should Close" owner="keywords">
<kw name="Get Window Handles" owner="SeleniumLibrary">
<msg time="2025-10-27T18:16:42.455504" level="INFO">${handles} = ['0381298E76BDADD054348632733D7D03', '013D81028F715BD298CE18456D32E256']</msg>
<var>${handles}</var>
<doc>Returns all child window handles of the selected browser as a list.</doc>
<status status="PASS" start="2025-10-27T18:16:42.440985" elapsed="0.014617"/>
</kw>
<kw name="Get Length" owner="BuiltIn">
<msg time="2025-10-27T18:16:42.456453" level="INFO">Length is 2.</msg>
<msg time="2025-10-27T18:16:42.456668" level="INFO">${count} = 2</msg>
<var>${count}</var>
<arg>${handles}</arg>
<doc>Returns and logs the length of the given item as an integer.</doc>
<status status="PASS" start="2025-10-27T18:16:42.456030" elapsed="0.000706"/>
</kw>
<kw name="Should Be Equal As Integers" owner="BuiltIn">
<msg time="2025-10-27T18:16:42.457704" level="INFO">Argument types are:
&lt;class 'int'&gt;
&lt;class 'str'&gt;</msg>
<msg time="2025-10-27T18:16:42.462169" level="FAIL">Expected popup to close, but found 2 windows: 2 != 1</msg>
<arg>${count}</arg>
<arg>1</arg>
<arg>msg=Expected popup to close, but found ${count} windows</arg>
<doc>Fails if objects are unequal after converting them to integers.</doc>
<status status="FAIL" start="2025-10-27T18:16:42.457075" elapsed="0.005266">Expected popup to close, but found 2 windows: 2 != 1</status>
</kw>
<status status="FAIL" start="2025-10-27T18:16:42.440264" elapsed="0.022357">Expected popup to close, but found 2 windows: 2 != 1</status>
</kw>
<kw name="Popup Window Should Close" owner="keywords">
<kw name="Get Window Handles" owner="SeleniumLibrary">
<msg time="2025-10-27T18:16:43.471028" level="INFO">${handles} = ['0381298E76BDADD054348632733D7D03', '013D81028F715BD298CE18456D32E256']</msg>
<var>${handles}</var>
<doc>Returns all child window handles of the selected browser as a list.</doc>
<status status="PASS" start="2025-10-27T18:16:43.465473" elapsed="0.005632"/>
</kw>
<kw name="Get Length" owner="BuiltIn">
<msg time="2025-10-27T18:16:43.471624" level="INFO">Length is 2.</msg>
<msg time="2025-10-27T18:16:43.471776" level="INFO">${count} = 2</msg>
<var>${count}</var>
<arg>${handles}</arg>
<doc>Returns and logs the length of the given item as an integer.</doc>
<status status="PASS" start="2025-10-27T18:16:43.471367" elapsed="0.000472"/>
</kw>
<kw name="Should Be Equal As Integers" owner="BuiltIn">
<msg time="2025-10-27T18:16:43.472658" level="INFO">Argument types are:
&lt;class 'int'&gt;
&lt;class 'str'&gt;</msg>
<msg time="2025-10-27T18:16:43.472873" level="FAIL">Expected popup to close, but found 2 windows: 2 != 1</msg>
<arg>${count}</arg>
<arg>1</arg>
<arg>msg=Expected popup to close, but found ${count} windows</arg>
<doc>Fails if objects are unequal after converting them to integers.</doc>
<status status="FAIL" start="2025-10-27T18:16:43.472159" elapsed="0.000988">Expected popup to close, but found 2 windows: 2 != 1</status>
</kw>
<status status="FAIL" start="2025-10-27T18:16:43.464848" elapsed="0.008609">Expected popup to close, but found 2 windows: 2 != 1</status>
</kw>
<kw name="Popup Window Should Close" owner="keywords">
<kw name="Get Window Handles" owner="SeleniumLibrary">
<msg time="2025-10-27T18:16:44.536080" level="INFO">${handles} = ['0381298E76BDADD054348632733D7D03', '013D81028F715BD298CE18456D32E256']</msg>
<var>${handles}</var>
<doc>Returns all child window handles of the selected browser as a list.</doc>
<status status="PASS" start="2025-10-27T18:16:44.488853" elapsed="0.047316"/>
</kw>
<kw name="Get Length" owner="BuiltIn">
<msg time="2025-10-27T18:16:44.536770" level="INFO">Length is 2.</msg>
<msg time="2025-10-27T18:16:44.536938" level="INFO">${count} = 2</msg>
<var>${count}</var>
<arg>${handles}</arg>
<doc>Returns and logs the length of the given item as an integer.</doc>
<status status="PASS" start="2025-10-27T18:16:44.536469" elapsed="0.000529"/>
</kw>
<kw name="Should Be Equal As Integers" owner="BuiltIn">
<msg time="2025-10-27T18:16:44.537787" level="INFO">Argument types are:
&lt;class 'int'&gt;
&lt;class 'str'&gt;</msg>
<msg time="2025-10-27T18:16:44.538065" level="FAIL">Expected popup to close, but found 2 windows: 2 != 1</msg>
<arg>${count}</arg>
<arg>1</arg>
<arg>msg=Expected popup to close, but found ${count} windows</arg>
<doc>Fails if objects are unequal after converting them to integers.</doc>
<status status="FAIL" start="2025-10-27T18:16:44.537283" elapsed="0.000942">Expected popup to close, but found 2 windows: 2 != 1</status>
</kw>
<status status="FAIL" start="2025-10-27T18:16:44.488161" elapsed="0.050344">Expected popup to close, but found 2 windows: 2 != 1</status>
</kw>
<kw name="Popup Window Should Close" owner="keywords">
<kw name="Get Window Handles" owner="SeleniumLibrary">
<msg time="2025-10-27T18:16:45.613775" level="INFO">${handles} = ['0381298E76BDADD054348632733D7D03', '013D81028F715BD298CE18456D32E256']</msg>
<var>${handles}</var>
<doc>Returns all child window handles of the selected browser as a list.</doc>
<status status="PASS" start="2025-10-27T18:16:45.585989" elapsed="0.027881"/>
</kw>
<kw name="Get Length" owner="BuiltIn">
<msg time="2025-10-27T18:16:45.617845" level="INFO">Length is 2.</msg>
<msg time="2025-10-27T18:16:45.618063" level="INFO">${count} = 2</msg>
<var>${count}</var>
<arg>${handles}</arg>
<doc>Returns and logs the length of the given item as an integer.</doc>
<status status="PASS" start="2025-10-27T18:16:45.614199" elapsed="0.003921"/>
</kw>
<kw name="Should Be Equal As Integers" owner="BuiltIn">
<msg time="2025-10-27T18:16:45.619006" level="INFO">Argument types are:
&lt;class 'int'&gt;
&lt;class 'str'&gt;</msg>
<msg time="2025-10-27T18:16:45.619200" level="FAIL">Expected popup to close, but found 2 windows: 2 != 1</msg>
<arg>${count}</arg>
<arg>1</arg>
<arg>msg=Expected popup to close, but found ${count} windows</arg>
<doc>Fails if objects are unequal after converting them to integers.</doc>
<status status="FAIL" start="2025-10-27T18:16:45.618426" elapsed="0.000898">Expected popup to close, but found 2 windows: 2 != 1</status>
</kw>
<status status="FAIL" start="2025-10-27T18:16:45.584693" elapsed="0.034903">Expected popup to close, but found 2 windows: 2 != 1</status>
</kw>
<kw name="Popup Window Should Close" owner="keywords">
<kw name="Get Window Handles" owner="SeleniumLibrary">
<msg time="2025-10-27T18:16:46.624980" level="INFO">${handles} = ['0381298E76BDADD054348632733D7D03', '013D81028F715BD298CE18456D32E256']</msg>
<var>${handles}</var>
<doc>Returns all child window handles of the selected browser as a list.</doc>
<status status="PASS" start="2025-10-27T18:16:46.621550" elapsed="0.003542"/>
</kw>
<kw name="Get Length" owner="BuiltIn">
<msg time="2025-10-27T18:16:46.625818" level="INFO">Length is 2.</msg>
<msg time="2025-10-27T18:16:46.626028" level="INFO">${count} = 2</msg>
<var>${count}</var>
<arg>${handles}</arg>
<doc>Returns and logs the length of the given item as an integer.</doc>
<status status="PASS" start="2025-10-27T18:16:46.625465" elapsed="0.000636"/>
</kw>
<kw name="Should Be Equal As Integers" owner="BuiltIn">
<msg time="2025-10-27T18:16:46.627040" level="INFO">Argument types are:
&lt;class 'int'&gt;
&lt;class 'str'&gt;</msg>
<msg time="2025-10-27T18:16:46.627328" level="FAIL">Expected popup to close, but found 2 windows: 2 != 1</msg>
<arg>${count}</arg>
<arg>1</arg>
<arg>msg=Expected popup to close, but found ${count} windows</arg>
<doc>Fails if objects are unequal after converting them to integers.</doc>
<status status="FAIL" start="2025-10-27T18:16:46.626409" elapsed="0.001100">Expected popup to close, but found 2 windows: 2 != 1</status>
</kw>
<status status="FAIL" start="2025-10-27T18:16:46.620904" elapsed="0.006934">Expected popup to close, but found 2 windows: 2 != 1</status>
</kw>
<kw name="Popup Window Should Close" owner="keywords">
<kw name="Get Window Handles" owner="SeleniumLibrary">
<msg time="2025-10-27T18:16:47.638868" level="INFO">${handles} = ['0381298E76BDADD054348632733D7D03', '013D81028F715BD298CE18456D32E256']</msg>
<var>${handles}</var>
<doc>Returns all child window handles of the selected browser as a list.</doc>
<status status="PASS" start="2025-10-27T18:16:47.629970" elapsed="0.009045"/>
</kw>
<kw name="Get Length" owner="BuiltIn">
<msg time="2025-10-27T18:16:47.639980" level="INFO">Length is 2.</msg>
<msg time="2025-10-27T18:16:47.640204" level="INFO">${count} = 2</msg>
<var>${count}</var>
<arg>${handles}</arg>
<doc>Returns and logs the length of the given item as an integer.</doc>
<status status="PASS" start="2025-10-27T18:16:47.639564" elapsed="0.000726"/>
</kw>
<kw name="Should Be Equal As Integers" owner="BuiltIn">
<msg time="2025-10-27T18:16:47.641234" level="INFO">Argument types are:
&lt;class 'int'&gt;
&lt;class 'str'&gt;</msg>
<msg time="2025-10-27T18:16:47.641557" level="FAIL">Expected popup to close, but found 2 windows: 2 != 1</msg>
<arg>${count}</arg>
<arg>1</arg>
<arg>msg=Expected popup to close, but found ${count} windows</arg>
<doc>Fails if objects are unequal after converting them to integers.</doc>
<status status="FAIL" start="2025-10-27T18:16:47.640633" elapsed="0.001138">Expected popup to close, but found 2 windows: 2 != 1</status>
</kw>
<status status="FAIL" start="2025-10-27T18:16:47.629153" elapsed="0.013014">Expected popup to close, but found 2 windows: 2 != 1</status>
</kw>
<kw name="Popup Window Should Close" owner="keywords">
<kw name="Get Window Handles" owner="SeleniumLibrary">
<msg time="2025-10-27T18:16:48.659197" level="INFO">${handles} = ['0381298E76BDADD054348632733D7D03', '013D81028F715BD298CE18456D32E256']</msg>
<var>${handles}</var>
<doc>Returns all child window handles of the selected browser as a list.</doc>
<status status="PASS" start="2025-10-27T18:16:48.645081" elapsed="0.014215"/>
</kw>
<kw name="Get Length" owner="BuiltIn">
<msg time="2025-10-27T18:16:48.659939" level="INFO">Length is 2.</msg>
<msg time="2025-10-27T18:16:48.660119" level="INFO">${count} = 2</msg>
<var>${count}</var>
<arg>${handles}</arg>
<doc>Returns and logs the length of the given item as an integer.</doc>
<status status="PASS" start="2025-10-27T18:16:48.659625" elapsed="0.000556"/>
</kw>
<kw name="Should Be Equal As Integers" owner="BuiltIn">
<msg time="2025-10-27T18:16:48.661007" level="INFO">Argument types are:
&lt;class 'int'&gt;
&lt;class 'str'&gt;</msg>
<msg time="2025-10-27T18:16:48.661234" level="FAIL">Expected popup to close, but found 2 windows: 2 != 1</msg>
<arg>${count}</arg>
<arg>1</arg>
<arg>msg=Expected popup to close, but found ${count} windows</arg>
<doc>Fails if objects are unequal after converting them to integers.</doc>
<status status="FAIL" start="2025-10-27T18:16:48.660487" elapsed="0.000905">Expected popup to close, but found 2 windows: 2 != 1</status>
</kw>
<status status="FAIL" start="2025-10-27T18:16:48.644382" elapsed="0.017285">Expected popup to close, but found 2 windows: 2 != 1</status>
</kw>
<kw name="Popup Window Should Close" owner="keywords">
<kw name="Get Window Handles" owner="SeleniumLibrary">
<msg time="2025-10-27T18:16:49.678007" level="INFO">${handles} = ['0381298E76BDADD054348632733D7D03', '013D81028F715BD298CE18456D32E256']</msg>
<var>${handles}</var>
<doc>Returns all child window handles of the selected browser as a list.</doc>
<status status="PASS" start="2025-10-27T18:16:49.665260" elapsed="0.012874"/>
</kw>
<kw name="Get Length" owner="BuiltIn">
<msg time="2025-10-27T18:16:49.679400" level="INFO">Length is 2.</msg>
<msg time="2025-10-27T18:16:49.679767" level="INFO">${count} = 2</msg>
<var>${count}</var>
<arg>${handles}</arg>
<doc>Returns and logs the length of the given item as an integer.</doc>
<status status="PASS" start="2025-10-27T18:16:49.678768" elapsed="0.001136"/>
</kw>
<kw name="Should Be Equal As Integers" owner="BuiltIn">
<msg time="2025-10-27T18:16:49.681513" level="INFO">Argument types are:
&lt;class 'int'&gt;
&lt;class 'str'&gt;</msg>
<msg time="2025-10-27T18:16:49.681857" level="FAIL">Expected popup to close, but found 2 windows: 2 != 1</msg>
<arg>${count}</arg>
<arg>1</arg>
<arg>msg=Expected popup to close, but found ${count} windows</arg>
<doc>Fails if objects are unequal after converting them to integers.</doc>
<status status="FAIL" start="2025-10-27T18:16:49.680459" elapsed="0.001627">Expected popup to close, but found 2 windows: 2 != 1</status>
</kw>
<status status="FAIL" start="2025-10-27T18:16:49.664179" elapsed="0.019215">Expected popup to close, but found 2 windows: 2 != 1</status>
</kw>
<msg time="2025-10-27T18:16:49.689212" level="FAIL">Keyword 'Popup Window Should Close' failed after retrying 10 times. The last error was: Expected popup to close, but found 2 windows: 2 != 1</msg>
<arg>10x</arg>
<arg>1s</arg>
<arg>Popup Window Should Close</arg>
<doc>Runs the specified keyword and retries if it fails.</doc>
<status status="FAIL" start="2025-10-27T18:16:40.412572" elapsed="9.277135">Keyword 'Popup Window Should Close' failed after retrying 10 times. The last error was: Expected popup to close, but found 2 windows: 2 != 1</status>
</kw>
<kw name="Get Window Handles" owner="SeleniumLibrary">
<var>${main_windows}</var>
<doc>Returns all child window handles of the selected browser as a list.</doc>
<status status="NOT RUN" start="2025-10-27T18:16:49.690595" elapsed="0.000129"/>
</kw>
<kw name="Switch Window" owner="SeleniumLibrary">
<arg>${main_windows}[0]</arg>
<doc>Switches to browser window matching ``locator``.</doc>
<status status="NOT RUN" start="2025-10-27T18:16:49.691096" elapsed="0.000085"/>
</kw>
<kw name="Log To Console" owner="BuiltIn">
<arg>Switched back to main window: ${main_windows}[0]</arg>
<doc>Logs the given message to the console.</doc>
<status status="NOT RUN" start="2025-10-27T18:16:49.691454" elapsed="0.000072"/>
</kw>
<arg>${USERNAME}</arg>
<arg>${PASSWORD}</arg>
<status status="FAIL" start="2025-10-27T18:16:30.336601" elapsed="19.355230">Keyword 'Popup Window Should Close' failed after retrying 10 times. The last error was: Expected popup to close, but found 2 windows: 2 != 1</status>
</kw>
<kw name="Sleep" owner="BuiltIn">
<arg>5s</arg>
<doc>Pauses the test executed for the given time.</doc>
<status status="NOT RUN" start="2025-10-27T18:16:49.693880" elapsed="0.000273"/>
</kw>
<kw name="Page Should Contain" owner="SeleniumLibrary">
<arg>รายชื่อบุคลากร</arg>
<doc>Verifies that current page contains ``text``.</doc>
<status status="NOT RUN" start="2025-10-27T18:16:49.695707" elapsed="0.000179"/>
</kw>
<kw name="Click Element" owner="SeleniumLibrary">
<arg>xpath=//*[@id="root"]/div[1]/div[2]/ul/li[5]/a</arg>
<doc>Click the element identified by ``locator``.</doc>
<status status="NOT RUN" start="2025-10-27T18:16:49.697445" elapsed="0.000133"/>
</kw>
<kw name="Sleep" owner="BuiltIn">
<arg>5s</arg>
<doc>Pauses the test executed for the given time.</doc>
<status status="NOT RUN" start="2025-10-27T18:16:49.698916" elapsed="0.000136"/>
</kw>
<kw name="Select Year From Dropdown">
<arg>2568</arg>
<status status="NOT RUN" start="2025-10-27T18:16:49.706129" elapsed="0.000164"/>
</kw>
<kw name="Add Class Button">
<status status="NOT RUN" start="2025-10-27T18:16:49.707805" elapsed="0.000166"/>
</kw>
<kw name="Press Keys" owner="SeleniumLibrary">
<arg>${CLASS_YEAR_NUMBER_FIELD}</arg>
<arg>BACKSPACE</arg>
<doc>Simulates the user pressing key(s) to an element or on the active browser.</doc>
<status status="NOT RUN" start="2025-10-27T18:16:49.708620" elapsed="0.000124"/>
</kw>
<kw name="Add Class Year">
<arg>7</arg>
<status status="NOT RUN" start="2025-10-27T18:16:49.710222" elapsed="0.000128"/>
</kw>
<kw name="Press Keys" owner="SeleniumLibrary">
<arg>${CLASS_ROOM_NUMBER_FIELD}</arg>
<arg>BACKSPACE</arg>
<doc>Simulates the user pressing key(s) to an element or on the active browser.</doc>
<status status="NOT RUN" start="2025-10-27T18:16:49.710841" elapsed="0.000058"/>
</kw>
<kw name="Add Class Room">
<arg>6</arg>
<status status="NOT RUN" start="2025-10-27T18:16:49.711289" elapsed="0.000057"/>
</kw>
<kw name="Prefix Dropdown Select Teacher">
<arg>กิตติศักดิ์ สมบูรณ์</arg>
<status status="NOT RUN" start="2025-10-27T18:16:49.711691" elapsed="0.000055"/>
</kw>
<kw name="Click Element" owner="SeleniumLibrary">
<arg>xpath=//*[@id="add_classroom"]/div/form/div/div[4]/button[1]</arg>
<doc>Click the element identified by ``locator``.</doc>
<status status="NOT RUN" start="2025-10-27T18:16:49.712295" elapsed="0.000053"/>
</kw>
<kw name="Wait Until Element Is Visible" owner="SeleniumLibrary">
<arg>xpath=//*[@id="room-error"]</arg>
<arg>timeout=10s</arg>
<doc>Waits until the element ``locator`` is visible.</doc>
<status status="NOT RUN" start="2025-10-27T18:16:49.712718" elapsed="0.000065"/>
</kw>
<kw name="Element Text Should Be" owner="SeleniumLibrary">
<arg>xpath=//*[@id="room-error"]</arg>
<arg>กรุณากรอกเลขชั้นเรียนไม่เกิน 6</arg>
<doc>Verifies that element ``locator`` contains exact the text ``expected``.</doc>
<status status="NOT RUN" start="2025-10-27T18:16:49.713540" elapsed="0.000097"/>
</kw>
<kw name="Capture Page Screenshot With Name">
<arg>TC1702_Add_Class_Year_Error_More_Than_6</arg>
<status status="NOT RUN" start="2025-10-27T18:16:49.716962" elapsed="0.001432"/>
</kw>
<kw name="Close Browser" owner="SeleniumLibrary">
<doc>Closes the current browser.</doc>
<status status="NOT RUN" start="2025-10-27T18:16:49.720035" elapsed="0.000095"/>
</kw>
<doc>ทดสอบการเพิ่มชั้นเรียนโดยกรณีที่กรอกตัวเลขชั้่นเรียนมากกว่าเลข 6</doc>
<status status="FAIL" start="2025-10-27T18:16:23.215288" elapsed="26.505849">Keyword 'Popup Window Should Close' failed after retrying 10 times. The last error was: Expected popup to close, but found 2 windows: 2 != 1</status>
</test>
<test id="s1-t3" name="TC1703 - เจ้าหน้าที่ฝ่ายทะเบียนเพิ่มชั้นเรียนไม่สำเร็จ(กรอกตัวเลขชั้่นเรียนมากกว่าเลข 7)" line="103">
<kw name="Open Browser" owner="SeleniumLibrary">
<msg time="2025-10-27T18:16:49.739347" level="INFO">Opening browser 'chrome' to base url 'http://localhost:5173'.</msg>
<arg>${URL}</arg>
<arg>${BROWSER}</arg>
<doc>Opens a new browser instance to the optional ``url``.</doc>
<status status="PASS" start="2025-10-27T18:16:49.731485" elapsed="8.711690"/>
</kw>
<kw name="Maximize Browser Window" owner="SeleniumLibrary">
<doc>Maximizes current browser window.</doc>
<status status="PASS" start="2025-10-27T18:16:58.451457" elapsed="0.149799"/>
</kw>
<kw name="Click Element" owner="SeleniumLibrary">
<msg time="2025-10-27T18:16:58.609725" level="INFO">Clicking element 'xpath=//*[@id="privacy_checkbox"]'.</msg>
<arg>xpath=//*[@id="privacy_checkbox"]</arg>
<doc>Click the element identified by ``locator``.</doc>
<status status="PASS" start="2025-10-27T18:16:58.609270" elapsed="0.364509"/>
</kw>
<kw name="Click Element" owner="SeleniumLibrary">
<msg time="2025-10-27T18:16:58.975064" level="INFO">Clicking element 'xpath=//*[@id="privacy_modal"]/div/div[2]/form/button'.</msg>
<arg>xpath=//*[@id="privacy_modal"]/div/div[2]/form/button</arg>
<doc>Click the element identified by ``locator``.</doc>
<status status="PASS" start="2025-10-27T18:16:58.974590" elapsed="0.443118"/>
</kw>
<kw name="Click Element" owner="SeleniumLibrary">
<msg time="2025-10-27T18:16:59.437193" level="INFO">Clicking element 'id=btn-login'.</msg>
<arg>id=btn-login</arg>
<doc>Click the element identified by ``locator``.</doc>
<status status="PASS" start="2025-10-27T18:16:59.436688" elapsed="0.538639"/>
</kw>
<kw name="Login With Google OAuth" owner="keywords">
<kw name="Get Window Handles" owner="SeleniumLibrary">
<msg time="2025-10-27T18:16:59.998487" level="INFO">${main_windows} = ['0E221A5B27F0266BE21D0D411D110AAB']</msg>
<var>${main_windows}</var>
<doc>Returns all child window handles of the selected browser as a list.</doc>
<status status="PASS" start="2025-10-27T18:16:59.982723" elapsed="0.015865"/>
</kw>
<kw name="Log To Console" owner="BuiltIn">
<arg>Main window handles: ${main_windows}</arg>
<doc>Logs the given message to the console.</doc>
<status status="PASS" start="2025-10-27T18:16:59.998915" elapsed="0.005631"/>
</kw>
<kw name="Wait Until Keyword Succeeds" owner="BuiltIn">
<kw name="Popup Window Should Appear" owner="keywords">
<kw name="Get Window Handles" owner="SeleniumLibrary">
<msg time="2025-10-27T18:17:00.035286" level="INFO">${handles} = ['0E221A5B27F0266BE21D0D411D110AAB']</msg>
<var>${handles}</var>
<doc>Returns all child window handles of the selected browser as a list.</doc>
<status status="PASS" start="2025-10-27T18:17:00.011545" elapsed="0.023845"/>
</kw>
<kw name="Get Length" owner="BuiltIn">
<msg time="2025-10-27T18:17:00.036215" level="INFO">Length is 1.</msg>
<msg time="2025-10-27T18:17:00.036383" level="INFO">${count} = 1</msg>
<var>${count}</var>
<arg>${handles}</arg>
<doc>Returns and logs the length of the given item as an integer.</doc>
<status status="PASS" start="2025-10-27T18:17:00.035878" elapsed="0.000555"/>
</kw>
<kw name="Should Be True" owner="BuiltIn">
<msg time="2025-10-27T18:17:00.039001" level="FAIL">Expected popup window to appear, but found only 1</msg>
<arg>${count} &gt; 1</arg>
<arg>msg=Expected popup window to appear, but found only ${count}</arg>
<doc>Fails if the given condition is not true.</doc>
<status status="FAIL" start="2025-10-27T18:17:00.037631" elapsed="0.001562">Expected popup window to appear, but found only 1</status>
</kw>
<status status="FAIL" start="2025-10-27T18:17:00.005541" elapsed="0.033942">Expected popup window to appear, but found only 1</status>
</kw>
<kw name="Popup Window Should Appear" owner="keywords">
<kw name="Get Window Handles" owner="SeleniumLibrary">
<msg time="2025-10-27T18:17:01.291362" level="INFO">${handles} = ['0E221A5B27F0266BE21D0D411D110AAB', '10E6C71FD72E5F4326CF795739432D8A']</msg>
<var>${handles}</var>
<doc>Returns all child window handles of the selected browser as a list.</doc>
<status status="PASS" start="2025-10-27T18:17:01.041358" elapsed="0.250128"/>
</kw>
<kw name="Get Length" owner="BuiltIn">
<msg time="2025-10-27T18:17:01.292262" level="INFO">Length is 2.</msg>
<msg time="2025-10-27T18:17:01.292496" level="INFO">${count} = 2</msg>
<var>${count}</var>
<arg>${handles}</arg>
<doc>Returns and logs the length of the given item as an integer.</doc>
<status status="PASS" start="2025-10-27T18:17:01.291881" elapsed="0.000695"/>
</kw>
<kw name="Should Be True" owner="BuiltIn">
<arg>${count} &gt; 1</arg>
<arg>msg=Expected popup window to appear, but found only ${count}</arg>
<doc>Fails if the given condition is not true.</doc>
<status status="PASS" start="2025-10-27T18:17:01.292929" elapsed="0.000916"/>
</kw>
<status status="PASS" start="2025-10-27T18:17:01.040482" elapsed="0.253644"/>
</kw>
<arg>10x</arg>
<arg>1s</arg>
<arg>Popup Window Should Appear</arg>
<doc>Runs the specified keyword and retries if it fails.</doc>
<status status="PASS" start="2025-10-27T18:17:00.004927" elapsed="1.289347"/>
</kw>
<kw name="Get Window Handles" owner="SeleniumLibrary">
<msg time="2025-10-27T18:17:01.365211" level="INFO">${all_windows} = ['0E221A5B27F0266BE21D0D411D110AAB', '10E6C71FD72E5F4326CF795739432D8A']</msg>
<var>${all_windows}</var>
<doc>Returns all child window handles of the selected browser as a list.</doc>
<status status="PASS" start="2025-10-27T18:17:01.294611" elapsed="0.070715"/>
</kw>
<kw name="Log To Console" owner="BuiltIn">
<arg>All windows: ${all_windows}</arg>
<doc>Logs the given message to the console.</doc>
<status status="PASS" start="2025-10-27T18:17:01.365738" elapsed="0.023022"/>
</kw>
<kw name="Set Variable" owner="BuiltIn">
<msg time="2025-10-27T18:17:01.389665" level="INFO">${popup_window} = 10E6C71FD72E5F4326CF795739432D8A</msg>
<var>${popup_window}</var>
<arg>${all_windows}[-1]</arg>
<doc>Returns the given values which can then be assigned to a variables.</doc>
<status status="PASS" start="2025-10-27T18:17:01.389171" elapsed="0.000584"/>
</kw>
<kw name="Switch Window" owner="SeleniumLibrary">
<arg>${popup_window}</arg>
<doc>Switches to browser window matching ``locator``.</doc>
<status status="PASS" start="2025-10-27T18:17:01.390157" elapsed="0.447894"/>
</kw>
<kw name="Log To Console" owner="BuiltIn">
<arg>Switched to popup window: ${popup_window}</arg>
<doc>Logs the given message to the console.</doc>
<status status="PASS" start="2025-10-27T18:17:01.838609" elapsed="0.019033"/>
</kw>
<kw name="Wait Until Page Contains Element" owner="SeleniumLibrary">
<arg>id=identifierId</arg>
<arg>timeout=15s</arg>
<doc>Waits until the element ``locator`` appears on the current page.</doc>
<status status="PASS" start="2025-10-27T18:17:01.858058" elapsed="4.340602"/>
</kw>
<kw name="Input Text" owner="SeleniumLibrary">
<msg time="2025-10-27T18:17:06.199600" level="INFO">Typing text '654259027@webmail.npru.ac.th' into text field 'id=identifierId'.</msg>
<arg>id=identifierId</arg>
<arg>${username}</arg>
<doc>Types the given ``text`` into the text field identified by ``locator``.</doc>
<status status="PASS" start="2025-10-27T18:17:06.199034" elapsed="1.380736"/>
</kw>
<kw name="Click Element" owner="SeleniumLibrary">
<msg time="2025-10-27T18:17:07.580541" level="INFO">Clicking element 'xpath=//*[@id="identifierNext"]/div/button/span'.</msg>
<arg>xpath=//*[@id="identifierNext"]/div/button/span</arg>
<doc>Click the element identified by ``locator``.</doc>
<status status="PASS" start="2025-10-27T18:17:07.580139" elapsed="0.702833"/>
</kw>
<kw name="Wait Until Element Is Visible" owner="SeleniumLibrary">
<arg>name=Passwd</arg>
<arg>timeout=15s</arg>
<doc>Waits until the element ``locator`` is visible.</doc>
<status status="PASS" start="2025-10-27T18:17:08.283349" elapsed="4.488524"/>
</kw>
<kw name="Input Text" owner="SeleniumLibrary">
<msg time="2025-10-27T18:17:12.772927" level="INFO">Typing text '166889966' into text field 'name=Passwd'.</msg>
<arg>name=Passwd</arg>
<arg>${password}</arg>
<doc>Types the given ``text`` into the text field identified by ``locator``.</doc>
<status status="PASS" start="2025-10-27T18:17:12.772290" elapsed="0.633881"/>
</kw>
<kw name="Click Element" owner="SeleniumLibrary">
<msg time="2025-10-27T18:17:13.406988" level="INFO">Clicking element 'xpath=//*[@id="passwordNext"]/div/button/span'.</msg>
<arg>xpath=//*[@id="passwordNext"]/div/button/span</arg>
<doc>Click the element identified by ``locator``.</doc>
<status status="PASS" start="2025-10-27T18:17:13.406564" elapsed="0.296734"/>
</kw>
<kw name="Wait Until Keyword Succeeds" owner="BuiltIn">
<kw name="Popup Window Should Close" owner="keywords">
<kw name="Get Window Handles" owner="SeleniumLibrary">
<msg time="2025-10-27T18:17:13.708018" level="INFO">${handles} = ['0E221A5B27F0266BE21D0D411D110AAB', '10E6C71FD72E5F4326CF795739432D8A']</msg>
<var>${handles}</var>
<doc>Returns all child window handles of the selected browser as a list.</doc>
<status status="PASS" start="2025-10-27T18:17:13.704894" elapsed="0.003203"/>
</kw>
<kw name="Get Length" owner="BuiltIn">
<msg time="2025-10-27T18:17:13.708539" level="INFO">Length is 2.</msg>
<msg time="2025-10-27T18:17:13.708643" level="INFO">${count} = 2</msg>
<var>${count}</var>
<arg>${handles}</arg>
<doc>Returns and logs the length of the given item as an integer.</doc>
<status status="PASS" start="2025-10-27T18:17:13.708331" elapsed="0.000347"/>
</kw>
<kw name="Should Be Equal As Integers" owner="BuiltIn">
<msg time="2025-10-27T18:17:13.709180" level="INFO">Argument types are:
&lt;class 'int'&gt;
&lt;class 'str'&gt;</msg>
<msg time="2025-10-27T18:17:13.709324" level="FAIL">Expected popup to close, but found 2 windows: 2 != 1</msg>
<arg>${count}</arg>
<arg>1</arg>
<arg>msg=Expected popup to close, but found ${count} windows</arg>
<doc>Fails if objects are unequal after converting them to integers.</doc>
<status status="FAIL" start="2025-10-27T18:17:13.708836" elapsed="0.000584">Expected popup to close, but found 2 windows: 2 != 1</status>
</kw>
<status status="FAIL" start="2025-10-27T18:17:13.704352" elapsed="0.005235">Expected popup to close, but found 2 windows: 2 != 1</status>
</kw>
<kw name="Popup Window Should Close" owner="keywords">
<kw name="Get Window Handles" owner="SeleniumLibrary">
<msg time="2025-10-27T18:17:14.722058" level="INFO">${handles} = ['0E221A5B27F0266BE21D0D411D110AAB', '10E6C71FD72E5F4326CF795739432D8A']</msg>
<var>${handles}</var>
<doc>Returns all child window handles of the selected browser as a list.</doc>
<status status="PASS" start="2025-10-27T18:17:14.711294" elapsed="0.010948"/>
</kw>
<kw name="Get Length" owner="BuiltIn">
<msg time="2025-10-27T18:17:14.723316" level="INFO">Length is 2.</msg>
<msg time="2025-10-27T18:17:14.723845" level="INFO">${count} = 2</msg>
<var>${count}</var>
<arg>${handles}</arg>
<doc>Returns and logs the length of the given item as an integer.</doc>
<status status="PASS" start="2025-10-27T18:17:14.722886" elapsed="0.001055"/>
</kw>
<kw name="Should Be Equal As Integers" owner="BuiltIn">
<msg time="2025-10-27T18:17:14.725370" level="INFO">Argument types are:
&lt;class 'int'&gt;
&lt;class 'str'&gt;</msg>
<msg time="2025-10-27T18:17:14.725720" level="FAIL">Expected popup to close, but found 2 windows: 2 != 1</msg>
<arg>${count}</arg>
<arg>1</arg>
<arg>msg=Expected popup to close, but found ${count} windows</arg>
<doc>Fails if objects are unequal after converting them to integers.</doc>
<status status="FAIL" start="2025-10-27T18:17:14.724509" elapsed="0.001591">Expected popup to close, but found 2 windows: 2 != 1</status>
</kw>
<status status="FAIL" start="2025-10-27T18:17:14.710470" elapsed="0.016175">Expected popup to close, but found 2 windows: 2 != 1</status>
</kw>
<kw name="Popup Window Should Close" owner="keywords">
<kw name="Get Window Handles" owner="SeleniumLibrary">
<msg time="2025-10-27T18:17:15.774556" level="INFO">${handles} = ['0E221A5B27F0266BE21D0D411D110AAB', '10E6C71FD72E5F4326CF795739432D8A']</msg>
<var>${handles}</var>
<doc>Returns all child window handles of the selected browser as a list.</doc>
<status status="PASS" start="2025-10-27T18:17:15.727847" elapsed="0.046810"/>
</kw>
<kw name="Get Length" owner="BuiltIn">
<msg time="2025-10-27T18:17:15.775241" level="INFO">Length is 2.</msg>
<msg time="2025-10-27T18:17:15.775417" level="INFO">${count} = 2</msg>
<var>${count}</var>
<arg>${handles}</arg>
<doc>Returns and logs the length of the given item as an integer.</doc>
<status status="PASS" start="2025-10-27T18:17:15.774981" elapsed="0.000500"/>
</kw>
<kw name="Should Be Equal As Integers" owner="BuiltIn">
<msg time="2025-10-27T18:17:15.776215" level="INFO">Argument types are:
&lt;class 'int'&gt;
&lt;class 'str'&gt;</msg>
<msg time="2025-10-27T18:17:15.776411" level="FAIL">Expected popup to close, but found 2 windows: 2 != 1</msg>
<arg>${count}</arg>
<arg>1</arg>
<arg>msg=Expected popup to close, but found ${count} windows</arg>
<doc>Fails if objects are unequal after converting them to integers.</doc>
<status status="FAIL" start="2025-10-27T18:17:15.775744" elapsed="0.000816">Expected popup to close, but found 2 windows: 2 != 1</status>
</kw>
<status status="FAIL" start="2025-10-27T18:17:15.727350" elapsed="0.049537">Expected popup to close, but found 2 windows: 2 != 1</status>
</kw>
<kw name="Popup Window Should Close" owner="keywords">
<kw name="Get Window Handles" owner="SeleniumLibrary">
<msg time="2025-10-27T18:17:16.847163" level="INFO">${handles} = ['0E221A5B27F0266BE21D0D411D110AAB', '10E6C71FD72E5F4326CF795739432D8A']</msg>
<var>${handles}</var>
<doc>Returns all child window handles of the selected browser as a list.</doc>
<status status="PASS" start="2025-10-27T18:17:16.817045" elapsed="0.030210"/>
</kw>
<kw name="Get Length" owner="BuiltIn">
<msg time="2025-10-27T18:17:16.848711" level="INFO">Length is 2.</msg>
<msg time="2025-10-27T18:17:16.849564" level="INFO">${count} = 2</msg>
<var>${count}</var>
<arg>${handles}</arg>
<doc>Returns and logs the length of the given item as an integer.</doc>
<status status="PASS" start="2025-10-27T18:17:16.848283" elapsed="0.001581"/>
</kw>
<kw name="Should Be Equal As Integers" owner="BuiltIn">
<msg time="2025-10-27T18:17:16.850757" level="INFO">Argument types are:
&lt;class 'int'&gt;
&lt;class 'str'&gt;</msg>
<msg time="2025-10-27T18:17:16.871457" level="FAIL">Expected popup to close, but found 2 windows: 2 != 1</msg>
<arg>${count}</arg>
<arg>1</arg>
<arg>msg=Expected popup to close, but found ${count} windows</arg>
<doc>Fails if objects are unequal after converting them to integers.</doc>
<status status="FAIL" start="2025-10-27T18:17:16.850215" elapsed="0.021536">Expected popup to close, but found 2 windows: 2 != 1</status>
</kw>
<status status="FAIL" start="2025-10-27T18:17:16.813443" elapsed="0.058680">Expected popup to close, but found 2 windows: 2 != 1</status>
</kw>
<kw name="Popup Window Should Close" owner="keywords">
<kw name="Get Window Handles" owner="SeleniumLibrary">
<msg time="2025-10-27T18:17:17.877390" level="INFO">${handles} = ['0E221A5B27F0266BE21D0D411D110AAB', '10E6C71FD72E5F4326CF795739432D8A']</msg>
<var>${handles}</var>
<doc>Returns all child window handles of the selected browser as a list.</doc>
<status status="PASS" start="2025-10-27T18:17:17.873625" elapsed="0.003860"/>
</kw>
<kw name="Get Length" owner="BuiltIn">
<msg time="2025-10-27T18:17:17.878333" level="INFO">Length is 2.</msg>
<msg time="2025-10-27T18:17:17.878528" level="INFO">${count} = 2</msg>
<var>${count}</var>
<arg>${handles}</arg>
<doc>Returns and logs the length of the given item as an integer.</doc>
<status status="PASS" start="2025-10-27T18:17:17.877881" elapsed="0.000710"/>
</kw>
<kw name="Should Be Equal As Integers" owner="BuiltIn">
<msg time="2025-10-27T18:17:17.879488" level="INFO">Argument types are:
&lt;class 'int'&gt;
&lt;class 'str'&gt;</msg>
<msg time="2025-10-27T18:17:17.879694" level="FAIL">Expected popup to close, but found 2 windows: 2 != 1</msg>
<arg>${count}</arg>
<arg>1</arg>
<arg>msg=Expected popup to close, but found ${count} windows</arg>
<doc>Fails if objects are unequal after converting them to integers.</doc>
<status status="FAIL" start="2025-10-27T18:17:17.878886" elapsed="0.000961">Expected popup to close, but found 2 windows: 2 != 1</status>
</kw>
<status status="FAIL" start="2025-10-27T18:17:17.872854" elapsed="0.007222">Expected popup to close, but found 2 windows: 2 != 1</status>
</kw>
<kw name="Popup Window Should Close" owner="keywords">
<kw name="Get Window Handles" owner="SeleniumLibrary">
<msg time="2025-10-27T18:17:18.890938" level="INFO">${handles} = ['0E221A5B27F0266BE21D0D411D110AAB', '10E6C71FD72E5F4326CF795739432D8A']</msg>
<var>${handles}</var>
<doc>Returns all child window handles of the selected browser as a list.</doc>
<status status="PASS" start="2025-10-27T18:17:18.882126" elapsed="0.008993"/>
</kw>
<kw name="Get Length" owner="BuiltIn">
<msg time="2025-10-27T18:17:18.892258" level="INFO">Length is 2.</msg>
<msg time="2025-10-27T18:17:18.892518" level="INFO">${count} = 2</msg>
<var>${count}</var>
<arg>${handles}</arg>
<doc>Returns and logs the length of the given item as an integer.</doc>
<status status="PASS" start="2025-10-27T18:17:18.891780" elapsed="0.000824"/>
</kw>
<kw name="Should Be Equal As Integers" owner="BuiltIn">
<msg time="2025-10-27T18:17:18.893674" level="INFO">Argument types are:
&lt;class 'int'&gt;
&lt;class 'str'&gt;</msg>
<msg time="2025-10-27T18:17:18.894053" level="FAIL">Expected popup to close, but found 2 windows: 2 != 1</msg>
<arg>${count}</arg>
<arg>1</arg>
<arg>msg=Expected popup to close, but found ${count} windows</arg>
<doc>Fails if objects are unequal after converting them to integers.</doc>
<status status="FAIL" start="2025-10-27T18:17:18.892977" elapsed="0.001639">Expected popup to close, but found 2 windows: 2 != 1</status>
</kw>
<status status="FAIL" start="2025-10-27T18:17:18.881281" elapsed="0.013748">Expected popup to close, but found 2 windows: 2 != 1</status>
</kw>
<kw name="Popup Window Should Close" owner="keywords">
<kw name="Get Window Handles" owner="SeleniumLibrary">
<msg time="2025-10-27T18:17:19.901507" level="INFO">${handles} = ['0E221A5B27F0266BE21D0D411D110AAB', '10E6C71FD72E5F4326CF795739432D8A']</msg>
<var>${handles}</var>
<doc>Returns all child window handles of the selected browser as a list.</doc>
<status status="PASS" start="2025-10-27T18:17:19.896536" elapsed="0.005089"/>
</kw>
<kw name="Get Length" owner="BuiltIn">
<msg time="2025-10-27T18:17:19.902421" level="INFO">Length is 2.</msg>
<msg time="2025-10-27T18:17:19.902675" level="INFO">${count} = 2</msg>
<var>${count}</var>
<arg>${handles}</arg>
<doc>Returns and logs the length of the given item as an integer.</doc>
<status status="PASS" start="2025-10-27T18:17:19.902020" elapsed="0.000725"/>
</kw>
<kw name="Should Be Equal As Integers" owner="BuiltIn">
<msg time="2025-10-27T18:17:19.904270" level="INFO">Argument types are:
[...]
<var>${handles}</var>
<doc>Returns all child window handles of the selected browser as a list.</doc>
<status status="PASS" start="2025-10-27T18:29:13.867271" elapsed="0.027843"/>
</kw>
<kw name="Get Length" owner="BuiltIn">
<msg time="2025-10-27T18:29:13.895843" level="INFO">Length is 2.</msg>
<msg time="2025-10-27T18:29:13.896042" level="INFO">${count} = 2</msg>
<var>${count}</var>
<arg>${handles}</arg>
<doc>Returns and logs the length of the given item as an integer.</doc>
<status status="PASS" start="2025-10-27T18:29:13.895481" elapsed="0.000627"/>
</kw>
<kw name="Should Be Equal As Integers" owner="BuiltIn">
<msg time="2025-10-27T18:29:13.897031" level="INFO">Argument types are:
&lt;class 'int'&gt;
&lt;class 'str'&gt;</msg>
<msg time="2025-10-27T18:29:13.897353" level="FAIL">Expected popup to close, but found 2 windows: 2 != 1</msg>
<arg>${count}</arg>
<arg>1</arg>
<arg>msg=Expected popup to close, but found ${count} windows</arg>
<doc>Fails if objects are unequal after converting them to integers.</doc>
<status status="FAIL" start="2025-10-27T18:29:13.896471" elapsed="0.001082">Expected popup to close, but found 2 windows: 2 != 1</status>
</kw>
<status status="FAIL" start="2025-10-27T18:29:13.866591" elapsed="0.031350">Expected popup to close, but found 2 windows: 2 != 1</status>
</kw>
<kw name="Popup Window Should Close" owner="keywords">
<kw name="Get Window Handles" owner="SeleniumLibrary">
<msg time="2025-10-27T18:29:14.935457" level="INFO">${handles} = ['452AE67073FE87CFA279370954E5EE22', '11DA214AA2C75F7F3081EAF37B4DB259']</msg>
<var>${handles}</var>
<doc>Returns all child window handles of the selected browser as a list.</doc>
<status status="PASS" start="2025-10-27T18:29:14.911794" elapsed="0.023934"/>
</kw>
<kw name="Get Length" owner="BuiltIn">
<msg time="2025-10-27T18:29:14.942375" level="INFO">Length is 2.</msg>
<msg time="2025-10-27T18:29:14.942614" level="INFO">${count} = 2</msg>
<var>${count}</var>
<arg>${handles}</arg>
<doc>Returns and logs the length of the given item as an integer.</doc>
<status status="PASS" start="2025-10-27T18:29:14.936150" elapsed="0.006521"/>
</kw>
<kw name="Should Be Equal As Integers" owner="BuiltIn">
<msg time="2025-10-27T18:29:14.943844" level="INFO">Argument types are:
&lt;class 'int'&gt;
&lt;class 'str'&gt;</msg>
<msg time="2025-10-27T18:29:14.946072" level="FAIL">Expected popup to close, but found 2 windows: 2 != 1</msg>
<arg>${count}</arg>
<arg>1</arg>
<arg>msg=Expected popup to close, but found ${count} windows</arg>
<doc>Fails if objects are unequal after converting them to integers.</doc>
<status status="FAIL" start="2025-10-27T18:29:14.943262" elapsed="0.003103">Expected popup to close, but found 2 windows: 2 != 1</status>
</kw>
<status status="FAIL" start="2025-10-27T18:29:14.902656" elapsed="0.043973">Expected popup to close, but found 2 windows: 2 != 1</status>
</kw>
<kw name="Popup Window Should Close" owner="keywords">
<kw name="Get Window Handles" owner="SeleniumLibrary">
<msg time="2025-10-27T18:29:15.976406" level="INFO">${handles} = ['452AE67073FE87CFA279370954E5EE22', '11DA214AA2C75F7F3081EAF37B4DB259']</msg>
<var>${handles}</var>
<doc>Returns all child window handles of the selected browser as a list.</doc>
<status status="PASS" start="2025-10-27T18:29:15.952425" elapsed="0.024083"/>
</kw>
<kw name="Get Length" owner="BuiltIn">
<msg time="2025-10-27T18:29:15.977194" level="INFO">Length is 2.</msg>
<msg time="2025-10-27T18:29:15.977456" level="INFO">${count} = 2</msg>
<var>${count}</var>
<arg>${handles}</arg>
<doc>Returns and logs the length of the given item as an integer.</doc>
<status status="PASS" start="2025-10-27T18:29:15.976846" elapsed="0.000760"/>
</kw>
<kw name="Should Be Equal As Integers" owner="BuiltIn">
<msg time="2025-10-27T18:29:15.978869" level="INFO">Argument types are:
&lt;class 'int'&gt;
&lt;class 'str'&gt;</msg>
<msg time="2025-10-27T18:29:15.979171" level="FAIL">Expected popup to close, but found 2 windows: 2 != 1</msg>
<arg>${count}</arg>
<arg>1</arg>
<arg>msg=Expected popup to close, but found ${count} windows</arg>
<doc>Fails if objects are unequal after converting them to integers.</doc>
<status status="FAIL" start="2025-10-27T18:29:15.978079" elapsed="0.001278">Expected popup to close, but found 2 windows: 2 != 1</status>
</kw>
<status status="FAIL" start="2025-10-27T18:29:15.951264" elapsed="0.028438">Expected popup to close, but found 2 windows: 2 != 1</status>
</kw>
<kw name="Popup Window Should Close" owner="keywords">
<kw name="Get Window Handles" owner="SeleniumLibrary">
<msg time="2025-10-27T18:29:16.989333" level="INFO">${handles} = ['452AE67073FE87CFA279370954E5EE22', '11DA214AA2C75F7F3081EAF37B4DB259']</msg>
<var>${handles}</var>
<doc>Returns all child window handles of the selected browser as a list.</doc>
<status status="PASS" start="2025-10-27T18:29:16.981185" elapsed="0.008245"/>
</kw>
<kw name="Get Length" owner="BuiltIn">
<msg time="2025-10-27T18:29:16.990572" level="INFO">Length is 2.</msg>
<msg time="2025-10-27T18:29:16.996954" level="INFO">${count} = 2</msg>
<var>${count}</var>
<arg>${handles}</arg>
<doc>Returns and logs the length of the given item as an integer.</doc>
<status status="PASS" start="2025-10-27T18:29:16.990048" elapsed="0.007019"/>
</kw>
<kw name="Should Be Equal As Integers" owner="BuiltIn">
<msg time="2025-10-27T18:29:16.997974" level="INFO">Argument types are:
&lt;class 'int'&gt;
&lt;class 'str'&gt;</msg>
<msg time="2025-10-27T18:29:16.998227" level="FAIL">Expected popup to close, but found 2 windows: 2 != 1</msg>
<arg>${count}</arg>
<arg>1</arg>
<arg>msg=Expected popup to close, but found ${count} windows</arg>
<doc>Fails if objects are unequal after converting them to integers.</doc>
<status status="FAIL" start="2025-10-27T18:29:16.997420" elapsed="0.000968">Expected popup to close, but found 2 windows: 2 != 1</status>
</kw>
<status status="FAIL" start="2025-10-27T18:29:16.980523" elapsed="0.018163">Expected popup to close, but found 2 windows: 2 != 1</status>
</kw>
<kw name="Popup Window Should Close" owner="keywords">
<kw name="Get Window Handles" owner="SeleniumLibrary">
<msg time="2025-10-27T18:29:18.206671" level="INFO">${handles} = ['452AE67073FE87CFA279370954E5EE22', '11DA214AA2C75F7F3081EAF37B4DB259']</msg>
<var>${handles}</var>
<doc>Returns all child window handles of the selected browser as a list.</doc>
<status status="PASS" start="2025-10-27T18:29:18.146145" elapsed="0.060643"/>
</kw>
<kw name="Get Length" owner="BuiltIn">
<msg time="2025-10-27T18:29:18.208906" level="INFO">Length is 2.</msg>
<msg time="2025-10-27T18:29:18.209242" level="INFO">${count} = 2</msg>
<var>${count}</var>
<arg>${handles}</arg>
<doc>Returns and logs the length of the given item as an integer.</doc>
<status status="PASS" start="2025-10-27T18:29:18.207185" elapsed="0.002505"/>
</kw>
<kw name="Should Be Equal As Integers" owner="BuiltIn">
<msg time="2025-10-27T18:29:18.211596" level="INFO">Argument types are:
&lt;class 'int'&gt;
&lt;class 'str'&gt;</msg>
<msg time="2025-10-27T18:29:18.211864" level="FAIL">Expected popup to close, but found 2 windows: 2 != 1</msg>
<arg>${count}</arg>
<arg>1</arg>
<arg>msg=Expected popup to close, but found ${count} windows</arg>
<doc>Fails if objects are unequal after converting them to integers.</doc>
<status status="FAIL" start="2025-10-27T18:29:18.210096" elapsed="0.001919">Expected popup to close, but found 2 windows: 2 != 1</status>
</kw>
<status status="FAIL" start="2025-10-27T18:29:18.104197" elapsed="0.108115">Expected popup to close, but found 2 windows: 2 != 1</status>
</kw>
<kw name="Popup Window Should Close" owner="keywords">
<kw name="Get Window Handles" owner="SeleniumLibrary">
<msg time="2025-10-27T18:29:19.234994" level="INFO">${handles} = ['452AE67073FE87CFA279370954E5EE22', '11DA214AA2C75F7F3081EAF37B4DB259']</msg>
<var>${handles}</var>
<doc>Returns all child window handles of the selected browser as a list.</doc>
<status status="PASS" start="2025-10-27T18:29:19.219999" elapsed="0.015091"/>
</kw>
<kw name="Get Length" owner="BuiltIn">
<msg time="2025-10-27T18:29:19.235848" level="INFO">Length is 2.</msg>
<msg time="2025-10-27T18:29:19.236027" level="INFO">${count} = 2</msg>
<var>${count}</var>
<arg>${handles}</arg>
<doc>Returns and logs the length of the given item as an integer.</doc>
<status status="PASS" start="2025-10-27T18:29:19.235452" elapsed="0.000631"/>
</kw>
<kw name="Should Be Equal As Integers" owner="BuiltIn">
<msg time="2025-10-27T18:29:19.238259" level="INFO">Argument types are:
&lt;class 'int'&gt;
&lt;class 'str'&gt;</msg>
<msg time="2025-10-27T18:29:19.238569" level="FAIL">Expected popup to close, but found 2 windows: 2 != 1</msg>
<arg>${count}</arg>
<arg>1</arg>
<arg>msg=Expected popup to close, but found ${count} windows</arg>
<doc>Fails if objects are unequal after converting them to integers.</doc>
<status status="FAIL" start="2025-10-27T18:29:19.236357" elapsed="0.002444">Expected popup to close, but found 2 windows: 2 != 1</status>
</kw>
<status status="FAIL" start="2025-10-27T18:29:19.215713" elapsed="0.023419">Expected popup to close, but found 2 windows: 2 != 1</status>
</kw>
<kw name="Popup Window Should Close" owner="keywords">
<kw name="Get Window Handles" owner="SeleniumLibrary">
<msg time="2025-10-27T18:29:20.275391" level="INFO">${handles} = ['452AE67073FE87CFA279370954E5EE22', '11DA214AA2C75F7F3081EAF37B4DB259']</msg>
<var>${handles}</var>
<doc>Returns all child window handles of the selected browser as a list.</doc>
<status status="PASS" start="2025-10-27T18:29:20.256824" elapsed="0.018674"/>
</kw>
<kw name="Get Length" owner="BuiltIn">
<msg time="2025-10-27T18:29:20.276399" level="INFO">Length is 2.</msg>
<msg time="2025-10-27T18:29:20.276851" level="INFO">${count} = 2</msg>
<var>${count}</var>
<arg>${handles}</arg>
<doc>Returns and logs the length of the given item as an integer.</doc>
<status status="PASS" start="2025-10-27T18:29:20.275884" elapsed="0.001063"/>
</kw>
<kw name="Should Be Equal As Integers" owner="BuiltIn">
<msg time="2025-10-27T18:29:20.283522" level="INFO">Argument types are:
&lt;class 'int'&gt;
&lt;class 'str'&gt;</msg>
<msg time="2025-10-27T18:29:20.283820" level="FAIL">Expected popup to close, but found 2 windows: 2 != 1</msg>
<arg>${count}</arg>
<arg>1</arg>
<arg>msg=Expected popup to close, but found ${count} windows</arg>
<doc>Fails if objects are unequal after converting them to integers.</doc>
<status status="FAIL" start="2025-10-27T18:29:20.277301" elapsed="0.006737">Expected popup to close, but found 2 windows: 2 != 1</status>
</kw>
<status status="FAIL" start="2025-10-27T18:29:20.247737" elapsed="0.038138">Expected popup to close, but found 2 windows: 2 != 1</status>
</kw>
<kw name="Popup Window Should Close" owner="keywords">
<kw name="Get Window Handles" owner="SeleniumLibrary">
<msg time="2025-10-27T18:29:21.438504" level="INFO">${handles} = ['452AE67073FE87CFA279370954E5EE22']</msg>
<var>${handles}</var>
<doc>Returns all child window handles of the selected browser as a list.</doc>
<status status="PASS" start="2025-10-27T18:29:21.404075" elapsed="0.034547"/>
</kw>
<kw name="Get Length" owner="BuiltIn">
<msg time="2025-10-27T18:29:21.439604" level="INFO">Length is 1.</msg>
<msg time="2025-10-27T18:29:21.439819" level="INFO">${count} = 1</msg>
<var>${count}</var>
<arg>${handles}</arg>
<doc>Returns and logs the length of the given item as an integer.</doc>
<status status="PASS" start="2025-10-27T18:29:21.439080" elapsed="0.000811"/>
</kw>
<kw name="Should Be Equal As Integers" owner="BuiltIn">
<msg time="2025-10-27T18:29:21.441018" level="INFO">Argument types are:
&lt;class 'int'&gt;
&lt;class 'str'&gt;</msg>
<arg>${count}</arg>
<arg>1</arg>
<arg>msg=Expected popup to close, but found ${count} windows</arg>
<doc>Fails if objects are unequal after converting them to integers.</doc>
<status status="PASS" start="2025-10-27T18:29:21.440245" elapsed="0.001244"/>
</kw>
<status status="PASS" start="2025-10-27T18:29:21.403391" elapsed="0.050482"/>
</kw>
<arg>10x</arg>
<arg>1s</arg>
<arg>Popup Window Should Close</arg>
<doc>Runs the specified keyword and retries if it fails.</doc>
<status status="PASS" start="2025-10-27T18:29:13.866086" elapsed="7.587986"/>
</kw>
<kw name="Get Window Handles" owner="SeleniumLibrary">
<msg time="2025-10-27T18:29:21.474650" level="INFO">${main_windows} = ['452AE67073FE87CFA279370954E5EE22']</msg>
<var>${main_windows}</var>
<doc>Returns all child window handles of the selected browser as a list.</doc>
<status status="PASS" start="2025-10-27T18:29:21.454400" elapsed="0.020609"/>
</kw>
<kw name="Switch Window" owner="SeleniumLibrary">
<arg>${main_windows}[0]</arg>
<doc>Switches to browser window matching ``locator``.</doc>
<status status="PASS" start="2025-10-27T18:29:21.475493" elapsed="0.033694"/>
</kw>
<kw name="Log To Console" owner="BuiltIn">
<arg>Switched back to main window: ${main_windows}[0]</arg>
<doc>Logs the given message to the console.</doc>
<status status="PASS" start="2025-10-27T18:29:21.509531" elapsed="0.000748"/>
</kw>
<arg>${USERNAME}</arg>
<arg>${PASSWORD}</arg>
<status status="PASS" start="2025-10-27T18:29:01.160929" elapsed="20.349637"/>
</kw>
<kw name="Sleep" owner="BuiltIn">
<msg time="2025-10-27T18:29:26.514342" level="INFO">Slept 5 seconds.</msg>
<arg>5s</arg>
<doc>Pauses the test executed for the given time.</doc>
<status status="PASS" start="2025-10-27T18:29:21.513535" elapsed="5.001065"/>
</kw>
<kw name="Page Should Contain" owner="SeleniumLibrary">
<msg time="2025-10-27T18:29:26.558788" level="INFO">Current page contains text 'รายชื่อบุคลากร'.</msg>
<arg>รายชื่อบุคลากร</arg>
<doc>Verifies that current page contains ``text``.</doc>
<status status="PASS" start="2025-10-27T18:29:26.515535" elapsed="0.043448"/>
</kw>
<kw name="Click Element" owner="SeleniumLibrary">
<msg time="2025-10-27T18:29:26.560233" level="INFO">Clicking element 'xpath=//*[@id="root"]/div[1]/div[2]/ul/li[5]/a'.</msg>
<arg>xpath=//*[@id="root"]/div[1]/div[2]/ul/li[5]/a</arg>
<doc>Click the element identified by ``locator``.</doc>
<status status="PASS" start="2025-10-27T18:29:26.559683" elapsed="2.473403"/>
</kw>
<kw name="Sleep" owner="BuiltIn">
<msg time="2025-10-27T18:29:34.077996" level="INFO">Slept 5 seconds.</msg>
<arg>5s</arg>
<doc>Pauses the test executed for the given time.</doc>
<status status="PASS" start="2025-10-27T18:29:29.076633" elapsed="5.001563"/>
</kw>
<kw name="Select Year From Dropdown">
<kw name="Select From List By Label" owner="SeleniumLibrary">
<msg time="2025-10-27T18:29:34.079618" level="INFO">Selecting options from selection list 'xpath=//*[@id="year-selector"]' by label 2568.</msg>
<arg>xpath=//*[@id="year-selector"]</arg>
<arg>${year}</arg>
<doc>Selects options from selection list ``locator`` by ``labels``.</doc>
<status status="PASS" start="2025-10-27T18:29:34.079317" elapsed="0.452265"/>
</kw>
<arg>2568</arg>
<status status="PASS" start="2025-10-27T18:29:34.078791" elapsed="0.453057"/>
</kw>
<kw name="Delete Class Button">
<kw name="Click Element" owner="SeleniumLibrary">
<msg time="2025-10-27T18:29:34.534005" level="INFO">Clicking element 'xpath=//*[@id="delete-classroom-button_6"]'.</msg>
<arg>xpath=//*[@id="delete-classroom-button_6"]</arg>
<doc>Click the element identified by ``locator``.</doc>
<status status="PASS" start="2025-10-27T18:29:34.533604" elapsed="1.782957"/>
</kw>
<kw name="Sleep" owner="BuiltIn">
<msg time="2025-10-27T18:29:38.317737" level="INFO">Slept 2 seconds.</msg>
<arg>2s</arg>
<doc>Pauses the test executed for the given time.</doc>
<status status="PASS" start="2025-10-27T18:29:36.317014" elapsed="2.000883"/>
</kw>
<status status="PASS" start="2025-10-27T18:29:34.532998" elapsed="3.785073"/>
</kw>
<kw name="Delete Class Confirm">
<kw name="Click Element" owner="SeleniumLibrary">
<msg time="2025-10-27T18:29:38.320130" level="INFO">Clicking element 'xpath=/html/body/div[2]/div/div[6]/button[1]'.</msg>
<arg>xpath=/html/body/div[2]/div/div[6]/button[1]</arg>
<doc>Click the element identified by ``locator``.</doc>
<status status="PASS" start="2025-10-27T18:29:38.319722" elapsed="0.274167"/>
</kw>
<kw name="Wait Until Page Contains" owner="SeleniumLibrary">
<arg>ลบชั้นปี 4 ห้องที่ 4 สำเร็จ</arg>
<arg>timeout=15s</arg>
<doc>Waits until ``text`` appears on the current page.</doc>
<status status="PASS" start="2025-10-27T18:29:38.594313" elapsed="1.019639"/>
</kw>
<status status="PASS" start="2025-10-27T18:29:38.318986" elapsed="1.295235"/>
</kw>
<kw name="Capture Page Screenshot With Name">
<kw name="Get Current Date" owner="DateTime">
<msg time="2025-10-27T18:29:39.624013" level="INFO">${timestamp} = 20251027_182939</msg>
<var>${timestamp}</var>
<arg>result_format=%Y%m%d_%H%M%S</arg>
<doc>Returns current local or UTC time with an optional increment.</doc>
<status status="PASS" start="2025-10-27T18:29:39.622979" elapsed="0.001118"/>
</kw>
<kw name="Set Variable" owner="BuiltIn">
<msg time="2025-10-27T18:29:39.624758" level="INFO">${folder} = D:\Coding Works\Robot UV\tests/results/Class_results</msg>
<var>${folder}</var>
<arg>${EXECDIR}/results/Class_results</arg>
<doc>Returns the given values which can then be assigned to a variables.</doc>
<status status="PASS" start="2025-10-27T18:29:39.624396" elapsed="0.000419"/>
</kw>
<kw name="Create Directory" owner="OperatingSystem">
<msg time="2025-10-27T18:29:39.629225" level="INFO" html="true">Directory '&lt;a href="file://D:\Coding Works\Robot UV\tests\results\Class_results"&gt;D:\Coding Works\Robot UV\tests\results\Class_results&lt;/a&gt;' already exists.</msg>
<arg>${folder}</arg>
<doc>Creates the specified directory.</doc>
<status status="PASS" start="2025-10-27T18:29:39.625059" elapsed="0.004395"/>
</kw>
<kw name="Set Variable" owner="BuiltIn">
<msg time="2025-10-27T18:29:39.638932" level="INFO">${filename} = D:\Coding Works\Robot UV\tests/results/Class_results/TC1719_Delete_Class_Success_20251027_182939.png</msg>
<var>${filename}</var>
<arg>${folder}/${test_case_name}_${timestamp}.png</arg>
<doc>Returns the given values which can then be assigned to a variables.</doc>
<status status="PASS" start="2025-10-27T18:29:39.630188" elapsed="0.008859"/>
</kw>
<kw name="Log" owner="BuiltIn">
<msg time="2025-10-27T18:29:39.639832" level="INFO">Capturing screenshot: D:\Coding Works\Robot UV\tests/results/Class_results/TC1719_Delete_Class_Success_20251027_182939.png</msg>
<arg>Capturing screenshot: ${filename}</arg>
<doc>Logs the given message with the given level.</doc>
<status status="PASS" start="2025-10-27T18:29:39.639428" elapsed="0.000551"/>
</kw>
<kw name="Capture Page Screenshot" owner="SeleniumLibrary">
<msg time="2025-10-27T18:29:40.125528" level="INFO" html="true">&lt;/td&gt;&lt;/tr&gt;&lt;tr&gt;&lt;td colspan="3"&gt;&lt;a href="results/Class_results/TC1719_Delete_Class_Success_20251027_182939.png"&gt;&lt;img src="results/Class_results/TC1719_Delete_Class_Success_20251027_182939.png" width="800px"&gt;&lt;/a&gt;</msg>
<arg>${filename}</arg>
<doc>Takes a screenshot of the current page and embeds it into a log file.</doc>
<status status="PASS" start="2025-10-27T18:29:39.640450" elapsed="0.485302"/>
</kw>
<arg>TC1719_Delete_Class_Success</arg>
<status status="PASS" start="2025-10-27T18:29:39.622360" elapsed="0.504338"/>
</kw>
<kw name="Close Browser" owner="SeleniumLibrary">
<doc>Closes the current browser.</doc>
<status status="PASS" start="2025-10-27T18:29:40.129925" elapsed="3.519008"/>
</kw>
<doc>ทดสอบการลบชั้นเรียน</doc>
<status status="PASS" start="2025-10-27T18:28:49.170514" elapsed="54.479294"/>
</test>
<doc>ฟังก์ชั่นการจัดการข้อมูลชั้นเรียน (Class Management)</doc>
<status status="FAIL" start="2025-10-27T18:15:28.764210" elapsed="854.896467"/>
</suite>
<statistics>
<total>
<stat pass="5" fail="14" skip="0">All Tests</stat>
</total>
<tag>
</tag>
<suite>
<stat name="Robot-04-Class" id="s1" pass="5" fail="14" skip="0">Robot-04-Class</stat>
</suite>
</statistics>
<errors>
</errors>
</robot>
