<?xml version="1.0" encoding="UTF-8"?>
<robot generator="Robot 7.3.2 (Python 3.13.0 on win32)" generated="2025-10-24T20:58:03.950499" rpa="false" schemaversion="5">
<suite id="s1" name="Robot UV" source="d:\Coding Works\Robot UV">
<suite id="s1-s1" name="Tests" source="d:\Coding Works\Robot UV\tests">
<suite id="s1-s1-s1" name="Robot-02-Personnel" source="d:\Coding Works\Robot UV\tests\robot-02-personnel.robot">
<test id="s1-s1-s1-t1" name="TC1401 - Add New Personnel Successfully" line="24">
<kw name="Open Browser" owner="SeleniumLibrary">
<msg time="2025-10-24T20:58:05.937972" level="INFO">Opening browser 'chrome' to base url 'http://localhost:5173'.</msg>
<msg time="2025-10-24T20:58:12.884680" level="WARN">Keyword 'Capture Page Screenshot' could not be run on failure: Message: invalid session id: session deleted as the browser has closed the connection
from disconnected: not connected to DevTools
  (Session info: chrome=141.0.7390.122); For documentation on this error, please visit: https://www.selenium.dev/documentation/webdriver/troubleshooting/errors#invalidsessionidexception
Stacktrace:
	GetHandleVerifier [0x0x7ff63cdfe8e5+80021]
	GetHandleVerifier [0x0x7ff63cdfe940+80112]
	(No symbol) [0x0x7ff63cb8060f]
	(No symbol) [0x0x7ff63cb6c145]
	(No symbol) [0x0x7ff63cb9177a]
	(No symbol) [0x0x7ff63cc08b06]
	(No symbol) [0x0x7ff63cc28fa2]
	(No symbol) [0x0x7ff63cc01003]
	(No symbol) [0x0x7ff63cbc95d1]
	(No symbol) [0x0x7ff63cbca3f3]
	GetHandleVerifier [0x0x7ff63d0bdc7d+2960429]
	GetHandleVerifier [0x0x7ff63d0b7f3a+2936554]
	GetHandleVerifier [0x0x7ff63d0d8977+3070247]
	GetHandleVerifier [0x0x7ff63ce183ce+185214]
	GetHandleVerifier [0x0x7ff63ce1fe1f+216527]
	GetHandleVerifier [0x0x7ff63ce07b24+117460]
	GetHandleVerifier [0x0x7ff63ce07cdf+117903]
	GetHandleVerifier [0x0x7ff63cdedbb8+11112]
	BaseThreadInitThunk [0x0x7ffe50dee8d7+23]
	RtlUserThreadStart [0x0x7ffe52b4c53c+44]
</msg>
<msg time="2025-10-24T20:58:12.917157" level="FAIL">WebDriverException: Message: target frame detached
  (failed to check if window was closed: disconnected: Unable to receive message from renderer)
  (Session info: chrome=141.0.7390.122)
Stacktrace:
	GetHandleVerifier [0x0x7ff63cdfe8e5+80021]
	GetHandleVerifier [0x0x7ff63cdfe940+80112]
	(No symbol) [0x0x7ff63cb80425]
	(No symbol) [0x0x7ff63cb6d4aa]
	(No symbol) [0x0x7ff63cb6c34f]
	(No symbol) [0x0x7ff63cb9177a]
	(No symbol) [0x0x7ff63cb90a76]
	(No symbol) [0x0x7ff63cc299f6]
	(No symbol) [0x0x7ff63cc01003]
	(No symbol) [0x0x7ff63cbc95d1]
	(No symbol) [0x0x7ff63cbca3f3]
	GetHandleVerifier [0x0x7ff63d0bdc7d+2960429]
	GetHandleVerifier [0x0x7ff63d0b7f3a+2936554]
	GetHandleVerifier [0x0x7ff63d0d8977+3070247]
	GetHandleVerifier [0x0x7ff63ce183ce+185214]
	GetHandleVerifier [0x0x7ff63ce1fe1f+216527]
	GetHandleVerifier [0x0x7ff63ce07b24+117460]
	GetHandleVerifier [0x0x7ff63ce07cdf+117903]
	GetHandleVerifier [0x0x7ff63cdedbb8+11112]
	BaseThreadInitThunk [0x0x7ffe50dee8d7+23]
	RtlUserThreadStart [0x0x7ffe52b4c53c+44]
</msg>
<arg>${URL}</arg>
<arg>${BROWSER}</arg>
<doc>Opens a new browser instance to the optional ``url``.</doc>
<status status="FAIL" start="2025-10-24T20:58:05.936500" elapsed="7.005221">WebDriverException: Message: target frame detached
  (failed to check if window was closed: disconnected: Unable to receive message from renderer)
  (Session info: chrome=141.0.7390.122)
Stacktrace:
	GetHandleVerifier [0x0x7ff63cdfe8e5+80021]
	GetHandleVerifier [0x0x7ff63cdfe940+80112]
	(No symbol) [0x0x7ff63cb80425]
	(No symbol) [0x0x7ff63cb6d4aa]
	(No symbol) [0x0x7ff63cb6c34f]
	(No symbol) [0x0x7ff63cb9177a]
	(No symbol) [0x0x7ff63cb90a76]
	(No symbol) [0x0x7ff63cc299f6]
	(No symbol) [0x0x7ff63cc01003]
	(No symbol) [0x0x7ff63cbc95d1]
	(No symbol) [0x0x7ff63cbca3f3]
	GetHandleVerifier [0x0x7ff63d0bdc7d+2960429]
	GetHandleVerifier [0x0x7ff63d0b7f3a+2936554]
	GetHandleVerifier [0x0x7ff63d0d8977+3070247]
	GetHandleVerifier [0x0x7ff63ce183ce+185214]
	GetHandleVerifier [0x0x7ff63ce1fe1f+216527]
	GetHandleVerifier [0x0x7ff63ce07b24+117460]
	GetHandleVerifier [0x0x7ff63ce07cdf+117903]
	GetHandleVerifier [0x0x7ff63cdedbb8+11112]
	BaseThreadInitThunk [0x0x7ffe50dee8d7+23]
	RtlUserThreadStart [0x0x7ffe52b4c53c+44]
</status>
</kw>
<kw name="Maximize Browser Window" owner="SeleniumLibrary">
<doc>Maximizes current browser window.</doc>
<status status="NOT RUN" start="2025-10-24T20:58:12.948183" elapsed="0.000654"/>
</kw>
<kw name="Click Element" owner="SeleniumLibrary">
<arg>xpath=//*[@id="privacy_checkbox"]</arg>
<doc>Click the element identified by ``locator``.</doc>
<status status="NOT RUN" start="2025-10-24T20:58:12.952232" elapsed="0.000805"/>
</kw>
<kw name="Click Element" owner="SeleniumLibrary">
<arg>xpath=//*[@id="privacy_modal"]/div/div[2]/form/button</arg>
<doc>Click the element identified by ``locator``.</doc>
<status status="NOT RUN" start="2025-10-24T20:58:12.961974" elapsed="0.000628"/>
</kw>
<kw name="Click Element" owner="SeleniumLibrary">
<arg>id=btn-login</arg>
<doc>Click the element identified by ``locator``.</doc>
<status status="NOT RUN" start="2025-10-24T20:58:12.965071" elapsed="0.000669"/>
</kw>
<kw name="Login With Google OAuth" owner="keywords">
<arg>${USERNAME}</arg>
<arg>${PASSWORD}</arg>
<status status="NOT RUN" start="2025-10-24T20:58:12.969456" elapsed="0.000796"/>
</kw>
<kw name="Sleep" owner="BuiltIn">
<arg>5s</arg>
<doc>Pauses the test executed for the given time.</doc>
<status status="NOT RUN" start="2025-10-24T20:58:12.972240" elapsed="0.001488"/>
</kw>
<kw name="Page Should Contain" owner="SeleniumLibrary">
<arg>รายชื่อบุคลากร</arg>
<doc>Verifies that current page contains ``text``.</doc>
<status status="NOT RUN" start="2025-10-24T20:58:12.979540" elapsed="0.000620"/>
</kw>
<kw name="Add Teacher">
<status status="NOT RUN" start="2025-10-24T20:58:12.986230" elapsed="0.000528"/>
</kw>
<kw name="Prefix Dropdown">
<arg>นาย</arg>
<status status="NOT RUN" start="2025-10-24T20:58:12.995431" elapsed="0.000558"/>
</kw>
<kw name="Input First Name">
<arg>สมโรง</arg>
<status status="NOT RUN" start="2025-10-24T20:58:12.996603" elapsed="0.000558"/>
</kw>
<kw name="Input Last Name">
<arg>นานาศึก</arg>
<status status="NOT RUN" start="2025-10-24T20:58:13.002194" elapsed="0.000592"/>
</kw>
<kw name="Input User ID">
<arg>019</arg>
<status status="NOT RUN" start="2025-10-24T20:58:13.004737" elapsed="0.003696"/>
</kw>
<kw name="Input Phone Number">
<arg>0864475134</arg>
<status status="NOT RUN" start="2025-10-24T20:58:13.013867" elapsed="0.000630"/>
</kw>
<kw name="Submit Personnel Info">
<status status="NOT RUN" start="2025-10-24T20:58:13.018840" elapsed="0.000513"/>
</kw>
<kw name="Capture Page Screenshot With Name">
<arg>TC14001_Success</arg>
<status status="NOT RUN" start="2025-10-24T20:58:13.020547" elapsed="0.000606"/>
</kw>
<kw name="Close Browser" owner="SeleniumLibrary">
<doc>Closes the current browser.</doc>
<status status="NOT RUN" start="2025-10-24T20:58:13.029599" elapsed="0.000590"/>
</kw>
<doc>Test case to add new personnel with valid data</doc>
<status status="FAIL" start="2025-10-24T20:58:05.922187" elapsed="7.128727">WebDriverException: Message: target frame detached
  (failed to check if window was closed: disconnected: Unable to receive message from renderer)
  (Session info: chrome=141.0.7390.122)
Stacktrace:
	GetHandleVerifier [0x0x7ff63cdfe8e5+80021]
	GetHandleVerifier [0x0x7ff63cdfe940+80112]
	(No symbol) [0x0x7ff63cb80425]
	(No symbol) [0x0x7ff63cb6d4aa]
	(No symbol) [0x0x7ff63cb6c34f]
	(No symbol) [0x0x7ff63cb9177a]
	(No symbol) [0x0x7ff63cb90a76]
	(No symbol) [0x0x7ff63cc299f6]
	(No symbol) [0x0x7ff63cc01003]
	(No symbol) [0x0x7ff63cbc95d1]
	(No symbol) [0x0x7ff63cbca3f3]
	GetHandleVerifier [0x0x7ff63d0bdc7d+2960429]
	GetHandleVerifier [0x0x7ff63d0b7f3a+2936554]
	GetHandleVerifier [0x0x7ff63d0d8977+3070247]
	GetHandleVerifier [0x0x7ff63ce183ce+185214]
	GetHandleVerifier [0x0x7ff63ce1fe1f+216527]
	GetHandleVerifier [0x0x7ff63ce07b24+117460]
	GetHandleVerifier [0x0x7ff63ce07cdf+117903]
	GetHandleVerifier [0x0x7ff63cdedbb8+11112]
	BaseThreadInitThunk [0x0x7ffe50dee8d7+23]
	RtlUserThreadStart [0x0x7ffe52b4c53c+44]
</status>
</test>
<doc>ชุดการทดสอบสำหรับระบบจัดการข้อมูลบุคลากร (Personnel Management)</doc>
<status status="FAIL" start="2025-10-24T20:58:04.101487" elapsed="9.002119"/>
</suite>
<status status="FAIL" start="2025-10-24T20:58:04.079223" elapsed="9.058618"/>
</suite>
<status status="FAIL" start="2025-10-24T20:58:03.968893" elapsed="9.192619"/>
</suite>
<statistics>
<total>
<stat pass="0" fail="1" skip="0">All Tests</stat>
</total>
<tag>
</tag>
<suite>
<stat name="Robot UV" id="s1" pass="0" fail="1" skip="0">Robot UV</stat>
<stat name="Tests" id="s1-s1" pass="0" fail="1" skip="0">Robot UV.Tests</stat>
<stat name="Robot-02-Personnel" id="s1-s1-s1" pass="0" fail="1" skip="0">Robot UV.Tests.Robot-02-Personnel</stat>
</suite>
</statistics>
<errors>
<msg time="2025-10-24T20:58:12.884680" level="WARN">Keyword 'Capture Page Screenshot' could not be run on failure: Message: invalid session id: session deleted as the browser has closed the connection
from disconnected: not connected to DevTools
  (Session info: chrome=141.0.7390.122); For documentation on this error, please visit: https://www.selenium.dev/documentation/webdriver/troubleshooting/errors#invalidsessionidexception
Stacktrace:
	GetHandleVerifier [0x0x7ff63cdfe8e5+80021]
	GetHandleVerifier [0x0x7ff63cdfe940+80112]
	(No symbol) [0x0x7ff63cb8060f]
	(No symbol) [0x0x7ff63cb6c145]
	(No symbol) [0x0x7ff63cb9177a]
	(No symbol) [0x0x7ff63cc08b06]
	(No symbol) [0x0x7ff63cc28fa2]
	(No symbol) [0x0x7ff63cc01003]
	(No symbol) [0x0x7ff63cbc95d1]
	(No symbol) [0x0x7ff63cbca3f3]
	GetHandleVerifier [0x0x7ff63d0bdc7d+2960429]
	GetHandleVerifier [0x0x7ff63d0b7f3a+2936554]
	GetHandleVerifier [0x0x7ff63d0d8977+3070247]
	GetHandleVerifier [0x0x7ff63ce183ce+185214]
	GetHandleVerifier [0x0x7ff63ce1fe1f+216527]
	GetHandleVerifier [0x0x7ff63ce07b24+117460]
	GetHandleVerifier [0x0x7ff63ce07cdf+117903]
	GetHandleVerifier [0x0x7ff63cdedbb8+11112]
	BaseThreadInitThunk [0x0x7ffe50dee8d7+23]
	RtlUserThreadStart [0x0x7ffe52b4c53c+44]
</msg>
</errors>
</robot>
